This is pdfTeX, Version 3.141592653-2.6-1.40.26 (MiKTeX 24.4) (preloaded format=latex 2024.9.27)  10 OCT 2024 13:44
entering extended mode
 \write18 enabled.
 %&-line parsing enabled.
**./td_main.tex
(td_main.tex
LaTeX2e <2023-06-01> patch level 1
L3 programming layer <2023-08-29>
(C:/Users/ileje/AppData/Local/Programs/my_latex\tex/latex/base\article.cls
Document Class: article 2023/05/17 v1.4n Standard LaTeX document class
(C:/Users/ileje/AppData/Local/Programs/my_latex\tex/latex/base\size10.clo
File: size10.clo 2023/05/17 v1.4n Standard LaTeX file (size option)
)
\c@part=\count185
\c@section=\count186
\c@subsection=\count187
\c@subsubsection=\count188
\c@paragraph=\count189
\c@subparagraph=\count190
\c@figure=\count191
\c@table=\count192
\abovecaptionskip=\skip48
\belowcaptionskip=\skip49
\bibindent=\dimen140
)
(../../common/common_header.tex
(C:/Users/ileje/AppData/Local/Programs/my_latex\tex/latex/base\fontenc.sty
Package: fontenc 2021/04/29 v2.0v Standard LaTeX package
)
(C:/Users/ileje/AppData/Local/Programs/my_latex\tex/generic/babel\babel.sty
Package: babel 2023/09/29 v3.95 The Babel package
\babel@savecnt=\count193
\U@D=\dimen141
\l@unhyphenated=\language79

(C:/Users/ileje/AppData/Local/Programs/my_latex\tex/generic/babel\txtbabel.def)
\bbl@readstream=\read2
\bbl@dirlevel=\count194
*************************************
* Local config file bblopts.cfg used
*
(C:/Users/ileje/AppData/Local/Programs/my_latex\tex/latex/arabi\bblopts.cfg
File: bblopts.cfg 2005/09/08 v0.1 add Arabic and Farsi to "declared" options of
 babel
)
(C:/Users/ileje/AppData/Local/Programs/my_latex\tex/generic/babel-french\french
.ldf
Language: french 2023/03/08 v3.5q French support from the babel system
Package babel Info: Hyphen rules for 'acadian' set to \l@french
(babel)             (\language22). Reported on input line 91.
Package babel Info: Hyphen rules for 'canadien' set to \l@french
(babel)             (\language22). Reported on input line 92.
\FB@nonchar=\count195
Package babel Info: Making : an active character on input line 395.
Package babel Info: Making ; an active character on input line 396.
Package babel Info: Making ! an active character on input line 397.
Package babel Info: Making ? an active character on input line 398.
\FBguill@level=\count196
\FBold@everypar=\toks17
\FB@Mht=\dimen142
\mc@charclass=\count197
\mc@charfam=\count198
\mc@charslot=\count199
\std@mcc=\count266
\dec@mcc=\count267
\FB@parskip=\dimen143
\listindentFB=\dimen144
\descindentFB=\dimen145
\labelindentFB=\dimen146
\labelwidthFB=\dimen147
\leftmarginFB=\dimen148
\parindentFFN=\dimen149
\FBfnindent=\dimen150
))
(C:/Users/ileje/AppData/Local/Programs/my_latex\tex/generic/babel/locale/fr\bab
el-french.tex
Package babel Info: Importing font and identification data for french
(babel)             from babel-fr.ini. Reported on input line 11.
)
(C:/Users/ileje/AppData/Local/Programs/my_latex\tex/latex/carlisle\scalefnt.sty
) (C:/Users/ileje/AppData/Local/Programs/my_latex\tex/latex/graphics\keyval.sty
Package: keyval 2022/05/29 v1.15 key=value parser (DPC)
\KV@toks@=\toks18
) (C:/Users/ileje/AppData/Local/Programs/my_latex\tex/latex/lm\lmodern.sty
Package: lmodern 2015/05/01 v1.6.1 Latin Modern Fonts
LaTeX Font Info:    Overwriting symbol font `operators' in version `normal'
(Font)                  OT1/cmr/m/n --> OT1/lmr/m/n on input line 22.
LaTeX Font Info:    Overwriting symbol font `letters' in version `normal'
(Font)                  OML/cmm/m/it --> OML/lmm/m/it on input line 23.
LaTeX Font Info:    Overwriting symbol font `symbols' in version `normal'
(Font)                  OMS/cmsy/m/n --> OMS/lmsy/m/n on input line 24.
LaTeX Font Info:    Overwriting symbol font `largesymbols' in version `normal'
(Font)                  OMX/cmex/m/n --> OMX/lmex/m/n on input line 25.
LaTeX Font Info:    Overwriting symbol font `operators' in version `bold'
(Font)                  OT1/cmr/bx/n --> OT1/lmr/bx/n on input line 26.
LaTeX Font Info:    Overwriting symbol font `letters' in version `bold'
(Font)                  OML/cmm/b/it --> OML/lmm/b/it on input line 27.
LaTeX Font Info:    Overwriting symbol font `symbols' in version `bold'
(Font)                  OMS/cmsy/b/n --> OMS/lmsy/b/n on input line 28.
LaTeX Font Info:    Overwriting symbol font `largesymbols' in version `bold'
(Font)                  OMX/cmex/m/n --> OMX/lmex/m/n on input line 29.
LaTeX Font Info:    Overwriting math alphabet `\mathbf' in version `normal'
(Font)                  OT1/cmr/bx/n --> OT1/lmr/bx/n on input line 31.
LaTeX Font Info:    Overwriting math alphabet `\mathsf' in version `normal'
(Font)                  OT1/cmss/m/n --> OT1/lmss/m/n on input line 32.
LaTeX Font Info:    Overwriting math alphabet `\mathit' in version `normal'
(Font)                  OT1/cmr/m/it --> OT1/lmr/m/it on input line 33.
LaTeX Font Info:    Overwriting math alphabet `\mathtt' in version `normal'
(Font)                  OT1/cmtt/m/n --> OT1/lmtt/m/n on input line 34.
LaTeX Font Info:    Overwriting math alphabet `\mathbf' in version `bold'
(Font)                  OT1/cmr/bx/n --> OT1/lmr/bx/n on input line 35.
LaTeX Font Info:    Overwriting math alphabet `\mathsf' in version `bold'
(Font)                  OT1/cmss/bx/n --> OT1/lmss/bx/n on input line 36.
LaTeX Font Info:    Overwriting math alphabet `\mathit' in version `bold'
(Font)                  OT1/cmr/bx/it --> OT1/lmr/bx/it on input line 37.
LaTeX Font Info:    Overwriting math alphabet `\mathtt' in version `bold'
(Font)                  OT1/cmtt/m/n --> OT1/lmtt/m/n on input line 38.
)
(C:/Users/ileje/AppData/Local/Programs/my_latex\tex/latex/enumitem\enumitem.sty
Package: enumitem 2019/06/20 v3.9 Customized lists
\labelindent=\skip50
\enit@outerparindent=\dimen151
\enit@toks=\toks19
\enit@inbox=\box51
\enit@count@id=\count268
\enitdp@description=\count269
)
(C:/Users/ileje/AppData/Local/Programs/my_latex\tex/latex/fancyhdr\fancyhdr.sty
Package: fancyhdr 2022/11/09 v4.1 Extensive control of page headers and footers

\f@nch@headwidth=\skip51
\f@nch@O@elh=\skip52
\f@nch@O@erh=\skip53
\f@nch@O@olh=\skip54
\f@nch@O@orh=\skip55
\f@nch@O@elf=\skip56
\f@nch@O@erf=\skip57
\f@nch@O@olf=\skip58
\f@nch@O@orf=\skip59
)
(C:/Users/ileje/AppData/Local/Programs/my_latex\tex/latex/oberdiek\centernot.st
y
Package: centernot 2016/05/16 v1.4 Centers the not symbol horizontally (HO)
)
(C:/Users/ileje/AppData/Local/Programs/my_latex\tex/latex/stmaryrd\stmaryrd.sty
Package: stmaryrd 1994/03/03 St Mary's Road symbol package
\symstmry=\mathgroup4
LaTeX Font Info:    Overwriting symbol font `stmry' in version `bold'
(Font)                  U/stmry/m/n --> U/stmry/b/n on input line 89.
) (C:\Users\ileje\AppData\Local\Programs\MiKTeX\tex/latex/abraces\abraces.sty
Package: abraces 2024/08/02 v2.2 Arbitrary and asymmetric braces

(C:/Users/ileje/AppData/Local/Programs/my_latex\tex/latex/l3packages/xparse\xpa
rse.sty
(C:/Users/ileje/AppData/Local/Programs/my_latex\tex/latex/l3kernel\expl3.sty
Package: expl3 2023-08-29 L3 programming layer (loader) 

(C:/Users/ileje/AppData/Local/Programs/my_latex\tex/latex/l3backend\l3backend-d
vips.def
File: l3backend-dvips.def 2023-04-19 L3 backend support: dvips
\l__pdf_internal_box=\box52
\g__pdf_backend_object_int=\count270
\l__pdf_backend_content_box=\box53
\l__pdf_backend_model_box=\box54
\g__pdf_backend_annotation_int=\count271
\g__pdf_backend_link_int=\count272
\g__pdf_backend_link_sf_int=\count273
))
Package: xparse 2023-08-29 L3 Experimental document command parser
)
(C:/Users/ileje/AppData/Local/Programs/my_latex\tex/latex/xcolor\xcolor.sty
Package: xcolor 2022/06/12 v2.14 LaTeX color extensions (UK)

(C:/Users/ileje/AppData/Local/Programs/my_latex\tex/latex/graphics-cfg\color.cf
g
File: color.cfg 2016/01/02 v1.6 sample color configuration
)
Package xcolor Info: Driver file: dvips.def on input line 227.

(C:/Users/ileje/AppData/Local/Programs/my_latex\tex/latex/graphics-def\dvips.de
f
File: dvips.def 2022/09/22 v3.1e Graphics/color driver for dvips
)
(C:/Users/ileje/AppData/Local/Programs/my_latex\tex/latex/graphics\mathcolor.lt
x)
Package xcolor Info: Model `cmy' substituted by `cmy0' on input line 1353.
Package xcolor Info: Model `RGB' extended on input line 1369.
Package xcolor Info: Model `HTML' substituted by `rgb' on input line 1371.
Package xcolor Info: Model `Hsb' substituted by `hsb' on input line 1372.
Package xcolor Info: Model `tHsb' substituted by `hsb' on input line 1373.
Package xcolor Info: Model `HSB' substituted by `hsb' on input line 1374.
Package xcolor Info: Model `Gray' substituted by `gray' on input line 1375.
Package xcolor Info: Model `wave' substituted by `hsb' on input line 1376.
)
\bracebox=\box55
)
(C:/Users/ileje/AppData/Local/Programs/my_latex\tex/latex/base\latexsym.sty
Package: latexsym 1998/08/17 v2.2e Standard LaTeX package (lasy symbols)
\symlasy=\mathgroup5
LaTeX Font Info:    Overwriting symbol font `lasy' in version `bold'
(Font)                  U/lasy/m/n --> U/lasy/b/n on input line 52.
)
(C:/Users/ileje/AppData/Local/Programs/my_latex\tex/latex/amsmath\amsmath.sty
Package: amsmath 2023/05/13 v2.17o AMS math features
\@mathmargin=\skip60

For additional information on amsmath, use the `?' option.
(C:/Users/ileje/AppData/Local/Programs/my_latex\tex/latex/amsmath\amstext.sty
Package: amstext 2021/08/26 v2.01 AMS text

(C:/Users/ileje/AppData/Local/Programs/my_latex\tex/latex/amsmath\amsgen.sty
File: amsgen.sty 1999/11/30 v2.0 generic functions
\@emptytoks=\toks20
\ex@=\dimen152
))
(C:/Users/ileje/AppData/Local/Programs/my_latex\tex/latex/amsmath\amsbsy.sty
Package: amsbsy 1999/11/29 v1.2d Bold Symbols
\pmbraise@=\dimen153
)
(C:/Users/ileje/AppData/Local/Programs/my_latex\tex/latex/amsmath\amsopn.sty
Package: amsopn 2022/04/08 v2.04 operator names
)
\inf@bad=\count274
LaTeX Info: Redefining \frac on input line 234.
\uproot@=\count275
\leftroot@=\count276
LaTeX Info: Redefining \overline on input line 399.
LaTeX Info: Redefining \colon on input line 410.
\classnum@=\count277
\DOTSCASE@=\count278
LaTeX Info: Redefining \ldots on input line 496.
LaTeX Info: Redefining \dots on input line 499.
LaTeX Info: Redefining \cdots on input line 620.
\Mathstrutbox@=\box56
\strutbox@=\box57
LaTeX Info: Redefining \big on input line 722.
LaTeX Info: Redefining \Big on input line 723.
LaTeX Info: Redefining \bigg on input line 724.
LaTeX Info: Redefining \Bigg on input line 725.
\big@size=\dimen154
LaTeX Font Info:    Redeclaring font encoding OML on input line 743.
LaTeX Font Info:    Redeclaring font encoding OMS on input line 744.
\macc@depth=\count279
LaTeX Info: Redefining \bmod on input line 905.
LaTeX Info: Redefining \pmod on input line 910.
LaTeX Info: Redefining \smash on input line 940.
LaTeX Info: Redefining \relbar on input line 970.
LaTeX Info: Redefining \Relbar on input line 971.
\c@MaxMatrixCols=\count280
\dotsspace@=\muskip16
\c@parentequation=\count281
\dspbrk@lvl=\count282
\tag@help=\toks21
\row@=\count283
\column@=\count284
\maxfields@=\count285
\andhelp@=\toks22
\eqnshift@=\dimen155
\alignsep@=\dimen156
\tagshift@=\dimen157
\tagwidth@=\dimen158
\totwidth@=\dimen159
\lineht@=\dimen160
\@envbody=\toks23
\multlinegap=\skip61
\multlinetaggap=\skip62
\mathdisplay@stack=\toks24
LaTeX Info: Redefining \[ on input line 2953.
LaTeX Info: Redefining \] on input line 2954.
)
(C:/Users/ileje/AppData/Local/Programs/my_latex\tex/latex/amsfonts\amsfonts.sty
Package: amsfonts 2013/01/14 v3.01 Basic AMSFonts support
\symAMSa=\mathgroup6
\symAMSb=\mathgroup7
LaTeX Font Info:    Redeclaring math symbol \hbar on input line 98.
LaTeX Font Info:    Overwriting math alphabet `\mathfrak' in version `bold'
(Font)                  U/euf/m/n --> U/euf/b/n on input line 106.
)
(C:/Users/ileje/AppData/Local/Programs/my_latex\tex/latex/amsfonts\amssymb.sty
Package: amssymb 2013/01/14 v3.01 AMS font symbols
LaTeX Font Info:    Redeclaring math symbol \boxdot on input line 44.
) (C:/Users/ileje/AppData/Local/Programs/my_latex\tex/latex/amscls\amsthm.sty
Package: amsthm 2020/05/29 v2.20.6
\thm@style=\toks25
\thm@bodyfont=\toks26
\thm@headfont=\toks27
\thm@notefont=\toks28
\thm@headpunct=\toks29
\thm@preskip=\skip63
\thm@postskip=\skip64
\thm@headsep=\skip65
\dth@everypar=\toks30
)
(C:/Users/ileje/AppData/Local/Programs/my_latex\tex/latex/mathtools\mathtools.s
ty
Package: mathtools 2022/06/29 v1.29 mathematical typesetting tools
 (C:/Users/ileje/AppData/Local/Programs/my_latex\tex/latex/tools\calc.sty
Package: calc 2017/05/25 v4.3 Infix arithmetic (KKT,FJ)
\calc@Acount=\count286
\calc@Bcount=\count287
\calc@Adimen=\dimen161
\calc@Bdimen=\dimen162
\calc@Askip=\skip66
\calc@Bskip=\skip67
LaTeX Info: Redefining \setlength on input line 80.
LaTeX Info: Redefining \addtolength on input line 81.
\calc@Ccount=\count288
\calc@Cskip=\skip68
)
(C:/Users/ileje/AppData/Local/Programs/my_latex\tex/latex/mathtools\mhsetup.sty
Package: mhsetup 2021/03/18 v1.4 programming setup (MH)
)
\g_MT_multlinerow_int=\count289
\l_MT_multwidth_dim=\dimen163
\origjot=\skip69
\l_MT_shortvdotswithinadjustabove_dim=\dimen164
\l_MT_shortvdotswithinadjustbelow_dim=\dimen165
\l_MT_above_intertext_sep=\dimen166
\l_MT_below_intertext_sep=\dimen167
\l_MT_above_shortintertext_sep=\dimen168
\l_MT_below_shortintertext_sep=\dimen169
\xmathstrut@box=\box58
\xmathstrut@dim=\dimen170
)
(C:/Users/ileje/AppData/Local/Programs/my_latex\tex/latex/jknappen\mathrsfs.sty
Package: mathrsfs 1996/01/01 Math RSFS package v1.0 (jk)
\symrsfs=\mathgroup8
) (C:\Users\ileje\AppData\Local\Programs\MiKTeX\tex/latex/mnsymbol\MnSymbol.sty
Package: MnSymbol 2007/01/21 v1.4 support for the MnSymbol font
(C:/Users/ileje/AppData/Local/Programs/my_latex\tex/latex/base\textcomp.sty
Package: textcomp 2020/02/02 v2.0n Standard LaTeX package
)
LaTeX Info: Redefining \dagger on input line 84.
LaTeX Info: Redefining \ddagger on input line 84.
LaTeX Info: Redefining \mathparagraph on input line 84.
LaTeX Info: Redefining \mathsection on input line 84.
LaTeX Info: Redefining \mathdollar on input line 84.
LaTeX Info: Redefining \mathsterling on input line 84.
LaTeX Info: Redefining \yen on input line 84.
LaTeX Info: Redefining \circledR on input line 84.
LaTeX Info: Redefining \circledS on input line 84.
LaTeX Info: Redefining \Re on input line 84.
LaTeX Info: Redefining \Im on input line 84.
LaTeX Info: Redefining \dotplus on input line 84.
LaTeX Info: Redefining \thicksim on input line 84.
LaTeX Info: Redefining \thickapprox on input line 84.
LaTeX Info: Redefining \veebar on input line 84.
LaTeX Info: Redefining \barwedge on input line 84.
LaTeX Info: Redefining \doublebarwedge on input line 84.
LaTeX Info: Redefining \centerdot on input line 84.
LaTeX Info: Redefining \divideontimes on input line 84.
\symMnSyA=\mathgroup9
\symMnSyB=\mathgroup10
\symMnSyC=\mathgroup11
\symMnSyD=\mathgroup12
LaTeX Font Info:    Redeclaring symbol font `largesymbols' on input line 119.
LaTeX Font Info:    Overwriting symbol font `largesymbols' in version `normal'
(Font)                  OMX/lmex/m/n --> OMX/MnSymbolE/m/n on input line 119.
LaTeX Font Info:    Overwriting symbol font `largesymbols' in version `bold'
(Font)                  OMX/lmex/m/n --> OMX/MnSymbolE/m/n on input line 119.
LaTeX Font Info:    Redeclaring symbol font `symbols' on input line 120.
LaTeX Font Info:    Encoding `OMS' has changed to `U' for symbol font
(Font)              `symbols' in the math version `normal' on input line 120.
LaTeX Font Info:    Overwriting symbol font `symbols' in version `normal'
(Font)                  OMS/lmsy/m/n --> U/MnSymbolF/m/n on input line 120.
LaTeX Font Info:    Encoding `OMS' has changed to `U' for symbol font
(Font)              `symbols' in the math version `bold' on input line 120.
LaTeX Font Info:    Overwriting symbol font `symbols' in version `bold'
(Font)                  OMS/lmsy/b/n --> U/MnSymbolF/m/n on input line 120.
LaTeX Font Info:    Overwriting symbol font `MnSyA' in version `bold'
(Font)                  U/MnSymbolA/m/n --> U/MnSymbolA/b/n on input line 121.
LaTeX Font Info:    Overwriting symbol font `MnSyB' in version `bold'
(Font)                  U/MnSymbolB/m/n --> U/MnSymbolB/b/n on input line 122.
LaTeX Font Info:    Overwriting symbol font `MnSyC' in version `bold'
(Font)                  U/MnSymbolC/m/n --> U/MnSymbolC/b/n on input line 123.
LaTeX Font Info:    Overwriting symbol font `MnSyD' in version `bold'
(Font)                  U/MnSymbolD/m/n --> U/MnSymbolD/b/n on input line 124.
LaTeX Font Info:    Overwriting symbol font `largesymbols' in version `bold'
(Font)                  OMX/MnSymbolE/m/n --> OMX/MnSymbolE/b/n on input line 1
25.
LaTeX Font Info:    Overwriting symbol font `symbols' in version `bold'
(Font)                  U/MnSymbolF/m/n --> U/MnSymbolF/b/n on input line 126.
LaTeX Font Info:    Redeclaring math alphabet \mathcal on input line 241.
LaTeX Font Info:    Overwriting math alphabet `\mathcal' in version `bold'
(Font)                  OMS/MnSymbolS/m/n --> OMS/MnSymbolS/b/n on input line 2
41.
LaTeX Info: Redefining \longrightarrow on input line 548.
LaTeX Info: Redefining \longleftarrow on input line 549.
LaTeX Info: Redefining \longleftrightarrow on input line 550.
LaTeX Info: Redefining \Longrightarrow on input line 551.
LaTeX Info: Redefining \Longleftarrow on input line 552.
LaTeX Info: Redefining \Longleftrightarrow on input line 553.
LaTeX Info: Redefining \longmapsto on input line 554.
LaTeX Info: Redefining \vdots on input line 868.
LaTeX Font Info:    Redeclaring math symbol \braceld on input line 1721.
LaTeX Font Info:    Redeclaring math symbol \bracelu on input line 1722.
LaTeX Font Info:    Redeclaring math symbol \bracerd on input line 1723.
LaTeX Font Info:    Redeclaring math symbol \braceru on input line 1724.
LaTeX Info: Redefining \downbracefill on input line 1799.
LaTeX Info: Redefining \upbracefill on input line 1800.
LaTeX Info: Redefining \overbrace on input line 1819.
LaTeX Info: Redefining \underbrace on input line 1820.
LaTeX Info: Redefining \surd on input line 1843.
LaTeX Font Info:    Redeclaring math accent \widehat on input line 1845.
LaTeX Font Info:    Redeclaring math accent \widetilde on input line 1846.
LaTeX Font Info:    Redeclaring math accent \vec on input line 1848.
)
(C:/Users/ileje/AppData/Local/Programs/my_latex\tex/latex/etoolbox\etoolbox.sty
Package: etoolbox 2020/10/05 v2.5k e-TeX tools for LaTeX (JAW)
\etb@tempcnta=\count290
)
(C:/Users/ileje/AppData/Local/Programs/my_latex\tex/latex/hyperref\hyperref.sty
Package: hyperref 2023-07-08 v7.01b Hypertext links for LaTeX

(C:/Users/ileje/AppData/Local/Programs/my_latex\tex/generic/ltxcmds\ltxcmds.sty
Package: ltxcmds 2020-05-10 v1.25 LaTeX kernel commands for general use (HO)
) (C:/Users/ileje/AppData/Local/Programs/my_latex\tex/generic/iftex\iftex.sty
Package: iftex 2022/02/03 v1.0f TeX engine tests
)
(C:/Users/ileje/AppData/Local/Programs/my_latex\tex/generic/pdftexcmds\pdftexcm
ds.sty
Package: pdftexcmds 2020-06-27 v0.33 Utility functions of pdfTeX for LuaTeX (HO
)

(C:/Users/ileje/AppData/Local/Programs/my_latex\tex/generic/infwarerr\infwarerr
.sty
Package: infwarerr 2019/12/03 v1.5 Providing info/warning/error messages (HO)
)
Package pdftexcmds Info: \pdf@primitive is available.
Package pdftexcmds Info: \pdf@ifprimitive is available.
Package pdftexcmds Info: \pdfdraftmode is ignored in DVI mode.
)
(C:/Users/ileje/AppData/Local/Programs/my_latex\tex/latex/kvsetkeys\kvsetkeys.s
ty
Package: kvsetkeys 2022-10-05 v1.19 Key value parser (HO)
)
(C:/Users/ileje/AppData/Local/Programs/my_latex\tex/generic/kvdefinekeys\kvdefi
nekeys.sty
Package: kvdefinekeys 2019-12-19 v1.6 Define keys (HO)
)
(C:/Users/ileje/AppData/Local/Programs/my_latex\tex/generic/pdfescape\pdfescape
.sty
Package: pdfescape 2019/12/09 v1.15 Implements pdfTeX's escape features (HO)
)
(C:/Users/ileje/AppData/Local/Programs/my_latex\tex/latex/hycolor\hycolor.sty
Package: hycolor 2020-01-27 v1.10 Color options for hyperref/bookmark (HO)
)
(C:/Users/ileje/AppData/Local/Programs/my_latex\tex/latex/letltxmacro\letltxmac
ro.sty
Package: letltxmacro 2019/12/03 v1.6 Let assignment for LaTeX macros (HO)
)
(C:/Users/ileje/AppData/Local/Programs/my_latex\tex/latex/auxhook\auxhook.sty
Package: auxhook 2019-12-17 v1.6 Hooks for auxiliary files (HO)
)
(C:/Users/ileje/AppData/Local/Programs/my_latex\tex/latex/hyperref\nameref.sty
Package: nameref 2023-08-07 v2.53 Cross-referencing by name of section

(C:/Users/ileje/AppData/Local/Programs/my_latex\tex/latex/refcount\refcount.sty
Package: refcount 2019/12/15 v3.6 Data extraction from label references (HO)
)
(C:/Users/ileje/AppData/Local/Programs/my_latex\tex/generic/gettitlestring\gett
itlestring.sty
Package: gettitlestring 2019/12/15 v1.6 Cleanup title references (HO)

(C:/Users/ileje/AppData/Local/Programs/my_latex\tex/latex/kvoptions\kvoptions.s
ty
Package: kvoptions 2022-06-15 v3.15 Key value format for package options (HO)
))
\c@section@level=\count291
)
\@linkdim=\dimen171
\Hy@linkcounter=\count292
\Hy@pagecounter=\count293

(C:/Users/ileje/AppData/Local/Programs/my_latex\tex/latex/hyperref\pd1enc.def
File: pd1enc.def 2023-07-08 v7.01b Hyperref: PDFDocEncoding definition (HO)
Now handling font encoding PD1 ...
... no UTF-8 mapping file for font encoding PD1
)
(C:/Users/ileje/AppData/Local/Programs/my_latex\tex/generic/intcalc\intcalc.sty
Package: intcalc 2019/12/15 v1.3 Expandable calculations with integers (HO)
)
\Hy@SavedSpaceFactor=\count294
 (C:/Users/ileje/AppData/Local/Programs/my_latex\tex/latex/hyperref\puenc.def
File: puenc.def 2023-07-08 v7.01b Hyperref: PDF Unicode definition (HO)
Now handling font encoding PU ...
... no UTF-8 mapping file for font encoding PU
)
Package hyperref Info: Hyper figures OFF on input line 4167.
Package hyperref Info: Link nesting OFF on input line 4172.
Package hyperref Info: Hyper index ON on input line 4175.
Package hyperref Info: Plain pages OFF on input line 4182.
Package hyperref Info: Backreferencing OFF on input line 4187.
Package hyperref Info: Implicit mode ON; LaTeX internals redefined.
Package hyperref Info: Bookmarks ON on input line 4434.
\c@Hy@tempcnt=\count295
(C:/Users/ileje/AppData/Local/Programs/my_latex\tex/latex/url\url.sty
\Urlmuskip=\muskip17
Package: url 2013/09/16  ver 3.4  Verb mode for urls, etc.
)
LaTeX Info: Redefining \url on input line 4772.
\XeTeXLinkMargin=\dimen172

(C:/Users/ileje/AppData/Local/Programs/my_latex\tex/generic/bitset\bitset.sty
Package: bitset 2019/12/09 v1.3 Handle bit-vector datatype (HO)

(C:/Users/ileje/AppData/Local/Programs/my_latex\tex/generic/bigintcalc\bigintca
lc.sty
Package: bigintcalc 2019/12/15 v1.5 Expandable calculations on big integers (HO
)
))
\Fld@menulength=\count296
\Field@Width=\dimen173
\Fld@charsize=\dimen174
Package hyperref Info: Hyper figures OFF on input line 6051.
Package hyperref Info: Link nesting OFF on input line 6056.
Package hyperref Info: Hyper index ON on input line 6059.
Package hyperref Info: backreferencing OFF on input line 6066.
Package hyperref Info: Link coloring OFF on input line 6071.
Package hyperref Info: Link coloring with OCG OFF on input line 6076.
Package hyperref Info: PDF/A mode OFF on input line 6081.

(C:/Users/ileje/AppData/Local/Programs/my_latex\tex/latex/base\atbegshi-ltx.sty
Package: atbegshi-ltx 2021/01/10 v1.0c Emulation of the original atbegshi
package with kernel methods
)
\Hy@abspage=\count297
\c@Item=\count298
\c@Hfootnote=\count299
)
Package hyperref Info: Driver (default): hdvips.

(C:/Users/ileje/AppData/Local/Programs/my_latex\tex/latex/hyperref\hdvips.def
File: hdvips.def 2023-07-08 v7.01b Hyperref driver for dvips

(C:/Users/ileje/AppData/Local/Programs/my_latex\tex/latex/hyperref\pdfmark.def
File: pdfmark.def 2023-07-08 v7.01b Hyperref definitions for pdfmark specials
\pdf@docset=\toks31
\pdf@box=\box59
\pdf@toks=\toks32
\pdf@defaulttoks=\toks33
\HyField@AnnotCount=\count300
\Fld@listcount=\count301
\c@bookmark@seq@number=\count302

(C:/Users/ileje/AppData/Local/Programs/my_latex\tex/latex/rerunfilecheck\rerunf
ilecheck.sty
Package: rerunfilecheck 2022-07-10 v1.10 Rerun checks for auxiliary files (HO)

(C:/Users/ileje/AppData/Local/Programs/my_latex\tex/latex/base\atveryend-ltx.st
y
Package: atveryend-ltx 2020/08/19 v1.0a Emulation of the original atveryend pac
kage
with kernel methods
)
(C:/Users/ileje/AppData/Local/Programs/my_latex\tex/generic/uniquecounter\uniqu
ecounter.sty
Package: uniquecounter 2019/12/15 v1.4 Provide unlimited unique counter (HO)
)
Package uniquecounter Info: New unique counter `rerunfilecheck' on input line 2
85.
)
\Hy@SectionHShift=\skip70
))
(C:/Users/ileje/AppData/Local/Programs/my_latex\tex/latex/pgf/frontendlayer\tik
z.sty
(C:/Users/ileje/AppData/Local/Programs/my_latex\tex/latex/pgf/basiclayer\pgf.st
y
(C:/Users/ileje/AppData/Local/Programs/my_latex\tex/latex/pgf/utilities\pgfrcs.
sty
(C:/Users/ileje/AppData/Local/Programs/my_latex\tex/generic/pgf/utilities\pgfut
il-common.tex
\pgfutil@everybye=\toks34
\pgfutil@tempdima=\dimen175
\pgfutil@tempdimb=\dimen176
)
(C:/Users/ileje/AppData/Local/Programs/my_latex\tex/generic/pgf/utilities\pgfut
il-latex.def
\pgfutil@abb=\box60
)
(C:/Users/ileje/AppData/Local/Programs/my_latex\tex/generic/pgf/utilities\pgfrc
s.code.tex
(C:/Users/ileje/AppData/Local/Programs/my_latex\tex/generic/pgf\pgf.revision.te
x)
Package: pgfrcs 2023-01-15 v3.1.10 (3.1.10)
))
Package: pgf 2023-01-15 v3.1.10 (3.1.10)

(C:/Users/ileje/AppData/Local/Programs/my_latex\tex/latex/pgf/basiclayer\pgfcor
e.sty
(C:/Users/ileje/AppData/Local/Programs/my_latex\tex/latex/graphics\graphicx.sty
Package: graphicx 2021/09/16 v1.2d Enhanced LaTeX Graphics (DPC,SPQR)

(C:/Users/ileje/AppData/Local/Programs/my_latex\tex/latex/graphics\graphics.sty
Package: graphics 2022/03/10 v1.4e Standard LaTeX Graphics (DPC,SPQR)
(C:/Users/ileje/AppData/Local/Programs/my_latex\tex/latex/graphics\trig.sty
Package: trig 2021/08/11 v1.11 sin cos tan (DPC)
)
(C:/Users/ileje/AppData/Local/Programs/my_latex\tex/latex/graphics-cfg\graphics
.cfg
File: graphics.cfg 2016/06/04 v1.11 sample graphics configuration
)
Package graphics Info: Driver file: dvips.def on input line 107.
)
\Gin@req@height=\dimen177
\Gin@req@width=\dimen178
)
(C:/Users/ileje/AppData/Local/Programs/my_latex\tex/latex/pgf/systemlayer\pgfsy
s.sty
(C:/Users/ileje/AppData/Local/Programs/my_latex\tex/generic/pgf/systemlayer\pgf
sys.code.tex
Package: pgfsys 2023-01-15 v3.1.10 (3.1.10)

(C:/Users/ileje/AppData/Local/Programs/my_latex\tex/generic/pgf/utilities\pgfke
ys.code.tex
\pgfkeys@pathtoks=\toks35
\pgfkeys@temptoks=\toks36

(C:/Users/ileje/AppData/Local/Programs/my_latex\tex/generic/pgf/utilities\pgfke
yslibraryfiltered.code.tex
\pgfkeys@tmptoks=\toks37
))
\pgf@x=\dimen179
\pgf@y=\dimen180
\pgf@xa=\dimen181
\pgf@ya=\dimen182
\pgf@xb=\dimen183
\pgf@yb=\dimen184
\pgf@xc=\dimen185
\pgf@yc=\dimen186
\pgf@xd=\dimen187
\pgf@yd=\dimen188
\w@pgf@writea=\write3
\r@pgf@reada=\read3
\c@pgf@counta=\count303
\c@pgf@countb=\count304
\c@pgf@countc=\count305
\c@pgf@countd=\count306
\t@pgf@toka=\toks38
\t@pgf@tokb=\toks39
\t@pgf@tokc=\toks40
\pgf@sys@id@count=\count307

(C:/Users/ileje/AppData/Local/Programs/my_latex\tex/generic/pgf/systemlayer\pgf
.cfg
File: pgf.cfg 2023-01-15 v3.1.10 (3.1.10)
)
Driver file for pgf: pgfsys-dvips.def

(C:/Users/ileje/AppData/Local/Programs/my_latex\tex/generic/pgf/systemlayer\pgf
sys-dvips.def
File: pgfsys-dvips.def 2023-01-15 v3.1.10 (3.1.10)

(C:/Users/ileje/AppData/Local/Programs/my_latex\tex/generic/pgf/systemlayer\pgf
sys-common-postscript.def
File: pgfsys-common-postscript.def 2023-01-15 v3.1.10 (3.1.10)
\pgf@objectcount=\count308
)))
(C:/Users/ileje/AppData/Local/Programs/my_latex\tex/generic/pgf/systemlayer\pgf
syssoftpath.code.tex
File: pgfsyssoftpath.code.tex 2023-01-15 v3.1.10 (3.1.10)
\pgfsyssoftpath@smallbuffer@items=\count309
\pgfsyssoftpath@bigbuffer@items=\count310
)
(C:/Users/ileje/AppData/Local/Programs/my_latex\tex/generic/pgf/systemlayer\pgf
sysprotocol.code.tex
File: pgfsysprotocol.code.tex 2023-01-15 v3.1.10 (3.1.10)
))
(C:/Users/ileje/AppData/Local/Programs/my_latex\tex/generic/pgf/basiclayer\pgfc
ore.code.tex
Package: pgfcore 2023-01-15 v3.1.10 (3.1.10)

(C:/Users/ileje/AppData/Local/Programs/my_latex\tex/generic/pgf/math\pgfmath.co
de.tex
(C:/Users/ileje/AppData/Local/Programs/my_latex\tex/generic/pgf/math\pgfmathuti
l.code.tex)
(C:/Users/ileje/AppData/Local/Programs/my_latex\tex/generic/pgf/math\pgfmathpar
ser.code.tex
\pgfmath@dimen=\dimen189
\pgfmath@count=\count311
\pgfmath@box=\box61
\pgfmath@toks=\toks41
\pgfmath@stack@operand=\toks42
\pgfmath@stack@operation=\toks43
)
(C:/Users/ileje/AppData/Local/Programs/my_latex\tex/generic/pgf/math\pgfmathfun
ctions.code.tex)
(C:/Users/ileje/AppData/Local/Programs/my_latex\tex/generic/pgf/math\pgfmathfun
ctions.basic.code.tex)
(C:/Users/ileje/AppData/Local/Programs/my_latex\tex/generic/pgf/math\pgfmathfun
ctions.trigonometric.code.tex)
(C:/Users/ileje/AppData/Local/Programs/my_latex\tex/generic/pgf/math\pgfmathfun
ctions.random.code.tex)
(C:/Users/ileje/AppData/Local/Programs/my_latex\tex/generic/pgf/math\pgfmathfun
ctions.comparison.code.tex)
(C:/Users/ileje/AppData/Local/Programs/my_latex\tex/generic/pgf/math\pgfmathfun
ctions.base.code.tex)
(C:/Users/ileje/AppData/Local/Programs/my_latex\tex/generic/pgf/math\pgfmathfun
ctions.round.code.tex)
(C:/Users/ileje/AppData/Local/Programs/my_latex\tex/generic/pgf/math\pgfmathfun
ctions.misc.code.tex)
(C:/Users/ileje/AppData/Local/Programs/my_latex\tex/generic/pgf/math\pgfmathfun
ctions.integerarithmetics.code.tex)
(C:/Users/ileje/AppData/Local/Programs/my_latex\tex/generic/pgf/math\pgfmathcal
c.code.tex)
(C:/Users/ileje/AppData/Local/Programs/my_latex\tex/generic/pgf/math\pgfmathflo
at.code.tex
\c@pgfmathroundto@lastzeros=\count312
))
(C:/Users/ileje/AppData/Local/Programs/my_latex\tex/generic/pgf/math\pgfint.cod
e.tex)
(C:/Users/ileje/AppData/Local/Programs/my_latex\tex/generic/pgf/basiclayer\pgfc
orepoints.code.tex
File: pgfcorepoints.code.tex 2023-01-15 v3.1.10 (3.1.10)
\pgf@picminx=\dimen190
\pgf@picmaxx=\dimen191
\pgf@picminy=\dimen192
\pgf@picmaxy=\dimen193
\pgf@pathminx=\dimen194
\pgf@pathmaxx=\dimen195
\pgf@pathminy=\dimen196
\pgf@pathmaxy=\dimen197
\pgf@xx=\dimen198
\pgf@xy=\dimen199
\pgf@yx=\dimen256
\pgf@yy=\dimen257
\pgf@zx=\dimen258
\pgf@zy=\dimen259
)
(C:/Users/ileje/AppData/Local/Programs/my_latex\tex/generic/pgf/basiclayer\pgfc
orepathconstruct.code.tex
File: pgfcorepathconstruct.code.tex 2023-01-15 v3.1.10 (3.1.10)
\pgf@path@lastx=\dimen260
\pgf@path@lasty=\dimen261
)
(C:/Users/ileje/AppData/Local/Programs/my_latex\tex/generic/pgf/basiclayer\pgfc
orepathusage.code.tex
File: pgfcorepathusage.code.tex 2023-01-15 v3.1.10 (3.1.10)
\pgf@shorten@end@additional=\dimen262
\pgf@shorten@start@additional=\dimen263
)
(C:/Users/ileje/AppData/Local/Programs/my_latex\tex/generic/pgf/basiclayer\pgfc
orescopes.code.tex
File: pgfcorescopes.code.tex 2023-01-15 v3.1.10 (3.1.10)
\pgfpic=\box62
\pgf@hbox=\box63
\pgf@layerbox@main=\box64
\pgf@picture@serial@count=\count313
)
(C:/Users/ileje/AppData/Local/Programs/my_latex\tex/generic/pgf/basiclayer\pgfc
oregraphicstate.code.tex
File: pgfcoregraphicstate.code.tex 2023-01-15 v3.1.10 (3.1.10)
\pgflinewidth=\dimen264
)
(C:/Users/ileje/AppData/Local/Programs/my_latex\tex/generic/pgf/basiclayer\pgfc
oretransformations.code.tex
File: pgfcoretransformations.code.tex 2023-01-15 v3.1.10 (3.1.10)
\pgf@pt@x=\dimen265
\pgf@pt@y=\dimen266
\pgf@pt@temp=\dimen267
)
(C:/Users/ileje/AppData/Local/Programs/my_latex\tex/generic/pgf/basiclayer\pgfc
orequick.code.tex
File: pgfcorequick.code.tex 2023-01-15 v3.1.10 (3.1.10)
)
(C:/Users/ileje/AppData/Local/Programs/my_latex\tex/generic/pgf/basiclayer\pgfc
oreobjects.code.tex
File: pgfcoreobjects.code.tex 2023-01-15 v3.1.10 (3.1.10)
)
(C:/Users/ileje/AppData/Local/Programs/my_latex\tex/generic/pgf/basiclayer\pgfc
orepathprocessing.code.tex
File: pgfcorepathprocessing.code.tex 2023-01-15 v3.1.10 (3.1.10)
)
(C:/Users/ileje/AppData/Local/Programs/my_latex\tex/generic/pgf/basiclayer\pgfc
orearrows.code.tex
File: pgfcorearrows.code.tex 2023-01-15 v3.1.10 (3.1.10)
\pgfarrowsep=\dimen268
)
(C:/Users/ileje/AppData/Local/Programs/my_latex\tex/generic/pgf/basiclayer\pgfc
oreshade.code.tex
File: pgfcoreshade.code.tex 2023-01-15 v3.1.10 (3.1.10)
\pgf@max=\dimen269
\pgf@sys@shading@range@num=\count314
\pgf@shadingcount=\count315
)
(C:/Users/ileje/AppData/Local/Programs/my_latex\tex/generic/pgf/basiclayer\pgfc
oreimage.code.tex
File: pgfcoreimage.code.tex 2023-01-15 v3.1.10 (3.1.10)
)
(C:/Users/ileje/AppData/Local/Programs/my_latex\tex/generic/pgf/basiclayer\pgfc
oreexternal.code.tex
File: pgfcoreexternal.code.tex 2023-01-15 v3.1.10 (3.1.10)
\pgfexternal@startupbox=\box65
)
(C:/Users/ileje/AppData/Local/Programs/my_latex\tex/generic/pgf/basiclayer\pgfc
orelayers.code.tex
File: pgfcorelayers.code.tex 2023-01-15 v3.1.10 (3.1.10)
)
(C:/Users/ileje/AppData/Local/Programs/my_latex\tex/generic/pgf/basiclayer\pgfc
oretransparency.code.tex
File: pgfcoretransparency.code.tex 2023-01-15 v3.1.10 (3.1.10)
)
(C:/Users/ileje/AppData/Local/Programs/my_latex\tex/generic/pgf/basiclayer\pgfc
orepatterns.code.tex
File: pgfcorepatterns.code.tex 2023-01-15 v3.1.10 (3.1.10)
)
(C:/Users/ileje/AppData/Local/Programs/my_latex\tex/generic/pgf/basiclayer\pgfc
orerdf.code.tex
File: pgfcorerdf.code.tex 2023-01-15 v3.1.10 (3.1.10)
)))
(C:/Users/ileje/AppData/Local/Programs/my_latex\tex/generic/pgf/modules\pgfmodu
leshapes.code.tex
File: pgfmoduleshapes.code.tex 2023-01-15 v3.1.10 (3.1.10)
\pgfnodeparttextbox=\box66
)
(C:/Users/ileje/AppData/Local/Programs/my_latex\tex/generic/pgf/modules\pgfmodu
leplot.code.tex
File: pgfmoduleplot.code.tex 2023-01-15 v3.1.10 (3.1.10)
)
(C:/Users/ileje/AppData/Local/Programs/my_latex\tex/latex/pgf/compatibility\pgf
comp-version-0-65.sty
Package: pgfcomp-version-0-65 2023-01-15 v3.1.10 (3.1.10)
\pgf@nodesepstart=\dimen270
\pgf@nodesepend=\dimen271
)
(C:/Users/ileje/AppData/Local/Programs/my_latex\tex/latex/pgf/compatibility\pgf
comp-version-1-18.sty
Package: pgfcomp-version-1-18 2023-01-15 v3.1.10 (3.1.10)
))
(C:/Users/ileje/AppData/Local/Programs/my_latex\tex/latex/pgf/utilities\pgffor.
sty
(C:/Users/ileje/AppData/Local/Programs/my_latex\tex/latex/pgf/utilities\pgfkeys
.sty
(C:/Users/ileje/AppData/Local/Programs/my_latex\tex/generic/pgf/utilities\pgfke
ys.code.tex))
(C:/Users/ileje/AppData/Local/Programs/my_latex\tex/latex/pgf/math\pgfmath.sty
(C:/Users/ileje/AppData/Local/Programs/my_latex\tex/generic/pgf/math\pgfmath.co
de.tex))
(C:/Users/ileje/AppData/Local/Programs/my_latex\tex/generic/pgf/utilities\pgffo
r.code.tex
Package: pgffor 2023-01-15 v3.1.10 (3.1.10)
\pgffor@iter=\dimen272
\pgffor@skip=\dimen273
\pgffor@stack=\toks44
\pgffor@toks=\toks45
))
(C:/Users/ileje/AppData/Local/Programs/my_latex\tex/generic/pgf/frontendlayer/t
ikz\tikz.code.tex
Package: tikz 2023-01-15 v3.1.10 (3.1.10)

(C:/Users/ileje/AppData/Local/Programs/my_latex\tex/generic/pgf/libraries\pgfli
braryplothandlers.code.tex
File: pgflibraryplothandlers.code.tex 2023-01-15 v3.1.10 (3.1.10)
\pgf@plot@mark@count=\count316
\pgfplotmarksize=\dimen274
)
\tikz@lastx=\dimen275
\tikz@lasty=\dimen276
\tikz@lastxsaved=\dimen277
\tikz@lastysaved=\dimen278
\tikz@lastmovetox=\dimen279
\tikz@lastmovetoy=\dimen280
\tikzleveldistance=\dimen281
\tikzsiblingdistance=\dimen282
\tikz@figbox=\box67
\tikz@figbox@bg=\box68
\tikz@tempbox=\box69
\tikz@tempbox@bg=\box70
\tikztreelevel=\count317
\tikznumberofchildren=\count318
\tikznumberofcurrentchild=\count319
\tikz@fig@count=\count320

(C:/Users/ileje/AppData/Local/Programs/my_latex\tex/generic/pgf/modules\pgfmodu
lematrix.code.tex
File: pgfmodulematrix.code.tex 2023-01-15 v3.1.10 (3.1.10)
\pgfmatrixcurrentrow=\count321
\pgfmatrixcurrentcolumn=\count322
\pgf@matrix@numberofcolumns=\count323
)
\tikz@expandcount=\count324

(C:/Users/ileje/AppData/Local/Programs/my_latex\tex/generic/pgf/frontendlayer/t
ikz/libraries\tikzlibrarytopaths.code.tex
File: tikzlibrarytopaths.code.tex 2023-01-15 v3.1.10 (3.1.10)
)))
(C:/Users/ileje/AppData/Local/Programs/my_latex\tex/latex/pgfplots\pgfplots.sty

(C:/Users/ileje/AppData/Local/Programs/my_latex\tex/generic/pgfplots\pgfplots.r
evision.tex)
Package: pgfplots 2021/05/15 v1.18.1 Data Visualization (1.18.1)

(C:/Users/ileje/AppData/Local/Programs/my_latex\tex/generic/pgfplots\pgfplots.c
ode.tex
(C:/Users/ileje/AppData/Local/Programs/my_latex\tex/generic/pgfplots\pgfplotsco
re.code.tex
\t@pgfplots@toka=\toks46
\t@pgfplots@tokb=\toks47
\t@pgfplots@tokc=\toks48
\pgfplots@tmpa=\dimen283
\c@pgfplots@coordindex=\count325
\c@pgfplots@scanlineindex=\count326

(C:/Users/ileje/AppData/Local/Programs/my_latex\tex/generic/pgfplots/sys\pgfplo
tssysgeneric.code.tex))
(C:/Users/ileje/AppData/Local/Programs/my_latex\tex/generic/pgfplots/libs\pgfpl
otslibrary.code.tex)
(C:/Users/ileje/AppData/Local/Programs/my_latex\tex/generic/pgfplots/oldpgfcomp
atib\pgfplotsoldpgfsupp_loader.code.tex
(C:/Users/ileje/AppData/Local/Programs/my_latex\tex/generic/pgf/libraries\pgfli
braryfpu.code.tex)
Package pgfplots: loading complementary utilities for your pgf version...
\t@pgf@toka=\toks49
\t@pgf@tokb=\toks50
\t@pgf@tokc=\toks51

(C:/Users/ileje/AppData/Local/Programs/my_latex\tex/generic/pgfplots/oldpgfcomp
atib\pgfplotsoldpgfsupp_pgfutil-common-lists.tex))
(C:/Users/ileje/AppData/Local/Programs/my_latex\tex/generic/pgfplots/util\pgfpl
otsutil.code.tex
(C:/Users/ileje/AppData/Local/Programs/my_latex\tex/generic/pgfplots/liststruct
ure\pgfplotsliststructure.code.tex)
(C:/Users/ileje/AppData/Local/Programs/my_latex\tex/generic/pgfplots/liststruct
ure\pgfplotsliststructureext.code.tex)
(C:/Users/ileje/AppData/Local/Programs/my_latex\tex/generic/pgfplots/liststruct
ure\pgfplotsarray.code.tex
\c@pgfplotsarray@tmp=\count327
)
(C:/Users/ileje/AppData/Local/Programs/my_latex\tex/generic/pgfplots/liststruct
ure\pgfplotsmatrix.code.tex)
(C:/Users/ileje/AppData/Local/Programs/my_latex\tex/generic/pgfplots/numtable\p
gfplotstableshared.code.tex
\c@pgfplotstable@counta=\count328
\t@pgfplotstable@a=\toks52
)
(C:/Users/ileje/AppData/Local/Programs/my_latex\tex/generic/pgfplots/liststruct
ure\pgfplotsdeque.code.tex)
(C:/Users/ileje/AppData/Local/Programs/my_latex\tex/generic/pgfplots/util\pgfpl
otsbinary.code.tex
(C:/Users/ileje/AppData/Local/Programs/my_latex\tex/generic/pgfplots/util\pgfpl
otsbinary.data.code.tex))
(C:/Users/ileje/AppData/Local/Programs/my_latex\tex/generic/pgfplots/util\pgfpl
otsutil.verb.code.tex)
(C:/Users/ileje/AppData/Local/Programs/my_latex\tex/generic/pgfplots/libs\pgfli
brarypgfplots.surfshading.code.tex
\c@pgfplotslibrarysurf@no=\count329

(C:/Users/ileje/AppData/Local/Programs/my_latex\tex/generic/pgfplots/sys\pgflib
rarypgfplots.surfshading.pgfsys-dvips.def)))
(C:/Users/ileje/AppData/Local/Programs/my_latex\tex/generic/pgfplots/util\pgfpl
otscolormap.code.tex
(C:/Users/ileje/AppData/Local/Programs/my_latex\tex/generic/pgfplots/util\pgfpl
otscolor.code.tex))
(C:/Users/ileje/AppData/Local/Programs/my_latex\tex/generic/pgfplots\pgfplotsst
ackedplots.code.tex)
(C:/Users/ileje/AppData/Local/Programs/my_latex\tex/generic/pgfplots\pgfplotspl
othandlers.code.tex
(C:/Users/ileje/AppData/Local/Programs/my_latex\tex/generic/pgfplots\pgfplotsme
shplothandler.code.tex
(C:/Users/ileje/AppData/Local/Programs/my_latex\tex/generic/pgfplots\pgfplotsme
shplotimage.code.tex)))
(C:/Users/ileje/AppData/Local/Programs/my_latex\tex/generic/pgfplots\pgfplots.s
caling.code.tex)
(C:/Users/ileje/AppData/Local/Programs/my_latex\tex/generic/pgfplots\pgfplotsco
ordprocessing.code.tex)
(C:/Users/ileje/AppData/Local/Programs/my_latex\tex/generic/pgfplots\pgfplots.e
rrorbars.code.tex)
(C:/Users/ileje/AppData/Local/Programs/my_latex\tex/generic/pgfplots\pgfplots.m
arkers.code.tex)
(C:/Users/ileje/AppData/Local/Programs/my_latex\tex/generic/pgfplots\pgfplotsti
cks.code.tex)
(C:/Users/ileje/AppData/Local/Programs/my_latex\tex/generic/pgfplots\pgfplots.p
aths.code.tex)
(C:/Users/ileje/AppData/Local/Programs/my_latex\tex/generic/pgf/frontendlayer/t
ikz/libraries\tikzlibrarydecorations.code.tex
(C:/Users/ileje/AppData/Local/Programs/my_latex\tex/generic/pgf/modules\pgfmodu
ledecorations.code.tex
\pgfdecoratedcompleteddistance=\dimen284
\pgfdecoratedremainingdistance=\dimen285
\pgfdecoratedinputsegmentcompleteddistance=\dimen286
\pgfdecoratedinputsegmentremainingdistance=\dimen287
\pgf@decorate@distancetomove=\dimen288
\pgf@decorate@repeatstate=\count330
\pgfdecorationsegmentamplitude=\dimen289
\pgfdecorationsegmentlength=\dimen290
)
\tikz@lib@dec@box=\box71
)
(C:/Users/ileje/AppData/Local/Programs/my_latex\tex/generic/pgf/frontendlayer/t
ikz/libraries\tikzlibrarydecorations.pathmorphing.code.tex
(C:/Users/ileje/AppData/Local/Programs/my_latex\tex/generic/pgf/libraries/decor
ations\pgflibrarydecorations.pathmorphing.code.tex))
(C:/Users/ileje/AppData/Local/Programs/my_latex\tex/generic/pgf/frontendlayer/t
ikz/libraries\tikzlibrarydecorations.pathreplacing.code.tex
(C:/Users/ileje/AppData/Local/Programs/my_latex\tex/generic/pgf/libraries/decor
ations\pgflibrarydecorations.pathreplacing.code.tex))
(C:/Users/ileje/AppData/Local/Programs/my_latex\tex/generic/pgfplots/libs\tikzl
ibrarypgfplots.contourlua.code.tex)
\pgfplots@numplots=\count331
\pgfplots@xmin@reg=\dimen291
\pgfplots@xmax@reg=\dimen292
\pgfplots@ymin@reg=\dimen293
\pgfplots@ymax@reg=\dimen294
\pgfplots@zmin@reg=\dimen295
\pgfplots@zmax@reg=\dimen296
)
(C:/Users/ileje/AppData/Local/Programs/my_latex\tex/generic/pgf/frontendlayer/t
ikz/libraries\tikzlibraryplotmarks.code.tex
File: tikzlibraryplotmarks.code.tex 2023-01-15 v3.1.10 (3.1.10)

(C:/Users/ileje/AppData/Local/Programs/my_latex\tex/generic/pgf/libraries\pgfli
braryplotmarks.code.tex
File: pgflibraryplotmarks.code.tex 2023-01-15 v3.1.10 (3.1.10)
)))
(C:/Users/ileje/AppData/Local/Programs/my_latex\tex/generic/pgf/frontendlayer/t
ikz/libraries\tikzlibraryarrows.code.tex
File: tikzlibraryarrows.code.tex 2023-01-15 v3.1.10 (3.1.10)

(C:/Users/ileje/AppData/Local/Programs/my_latex\tex/generic/pgf/libraries\pgfli
braryarrows.code.tex
File: pgflibraryarrows.code.tex 2023-01-15 v3.1.10 (3.1.10)
\arrowsize=\dimen297
))
(C:/Users/ileje/AppData/Local/Programs/my_latex\tex/latex/colortbl\colortbl.sty
Package: colortbl 2022/06/20 v1.0f Color table columns (DPC)
(C:/Users/ileje/AppData/Local/Programs/my_latex\tex/latex/tools\array.sty
Package: array 2022/09/04 v2.5g Tabular extension package (FMi)
\col@sep=\dimen298
\ar@mcellbox=\box72
\extrarowheight=\dimen299
\NC@list=\toks53
\extratabsurround=\skip71
\backup@length=\skip72
\ar@cellbox=\box73
)
\everycr=\toks54
\minrowclearance=\skip73
\rownum=\count332
)
(C:/Users/ileje/AppData/Local/Programs/my_latex\tex/latex/sectsty\sectsty.sty
Package: sectsty 2002/02/25 v2.0.2 Commands to change all sectional heading sty
les


LaTeX Warning: Command \underbar  has changed.
               Check if current package is valid.


LaTeX Warning: Command \underline  has changed.
               Check if current package is valid.

)) (../../common/macros/math.tex
LaTeX Info: Redefining \ker on input line 61.
LaTeX Info: Redefining \det on input line 62.

(C:/Users/ileje/AppData/Local/Programs/my_latex\tex/latex/doublestroke\dsfont.s
ty
Package: dsfont 1995/08/01 v0.1 Double stroke roman fonts
)) (../../common/macros/theorems.tex
(C:/Users/ileje/AppData/Local/Programs/my_latex\tex/latex/mdframed\mdframed.sty
Package: mdframed 2013/07/01 1.9b: mdframed

(C:/Users/ileje/AppData/Local/Programs/my_latex\tex/latex/zref\zref-abspage.sty
Package: zref-abspage 2023-09-14 v2.35 Module abspage for zref (HO)
(C:/Users/ileje/AppData/Local/Programs/my_latex\tex/latex/zref\zref-base.sty
Package: zref-base 2023-09-14 v2.35 Module base for zref (HO)

(C:/Users/ileje/AppData/Local/Programs/my_latex\tex/generic/etexcmds\etexcmds.s
ty
Package: etexcmds 2019/12/15 v1.7 Avoid name clashes with e-TeX commands (HO)
)
Package zref Info: New property list: main on input line 767.
Package zref Info: New property: default on input line 768.
Package zref Info: New property: page on input line 769.
)
\c@abspage=\count333
Package zref Info: New property: abspage on input line 67.
)
(C:/Users/ileje/AppData/Local/Programs/my_latex\tex/latex/needspace\needspace.s
ty
Package: needspace 2010/09/12 v1.3d reserve vertical space
)
\mdf@templength=\skip74
\c@mdf@globalstyle@cnt=\count334
\mdf@skipabove@length=\skip75
\mdf@skipbelow@length=\skip76
\mdf@leftmargin@length=\skip77
\mdf@rightmargin@length=\skip78
\mdf@innerleftmargin@length=\skip79
\mdf@innerrightmargin@length=\skip80
\mdf@innertopmargin@length=\skip81
\mdf@innerbottommargin@length=\skip82
\mdf@splittopskip@length=\skip83
\mdf@splitbottomskip@length=\skip84
\mdf@outermargin@length=\skip85
\mdf@innermargin@length=\skip86
\mdf@linewidth@length=\skip87
\mdf@innerlinewidth@length=\skip88
\mdf@middlelinewidth@length=\skip89
\mdf@outerlinewidth@length=\skip90
\mdf@roundcorner@length=\skip91
\mdf@footenotedistance@length=\skip92
\mdf@userdefinedwidth@length=\skip93
\mdf@needspace@length=\skip94
\mdf@frametitleaboveskip@length=\skip95
\mdf@frametitlebelowskip@length=\skip96
\mdf@frametitlerulewidth@length=\skip97
\mdf@frametitleleftmargin@length=\skip98
\mdf@frametitlerightmargin@length=\skip99
\mdf@shadowsize@length=\skip100
\mdf@extratopheight@length=\skip101
\mdf@subtitleabovelinewidth@length=\skip102
\mdf@subtitlebelowlinewidth@length=\skip103
\mdf@subtitleaboveskip@length=\skip104
\mdf@subtitlebelowskip@length=\skip105
\mdf@subtitleinneraboveskip@length=\skip106
\mdf@subtitleinnerbelowskip@length=\skip107
\mdf@subsubtitleabovelinewidth@length=\skip108
\mdf@subsubtitlebelowlinewidth@length=\skip109
\mdf@subsubtitleaboveskip@length=\skip110
\mdf@subsubtitlebelowskip@length=\skip111
\mdf@subsubtitleinneraboveskip@length=\skip112
\mdf@subsubtitleinnerbelowskip@length=\skip113

(C:/Users/ileje/AppData/Local/Programs/my_latex\tex/latex/mdframed\md-frame-0.m
df
File: md-frame-0.mdf 2013/07/01\ 1.9b: md-frame-0
)
\mdf@frametitlebox=\box74
\mdf@footnotebox=\box75
\mdf@splitbox@one=\box76
\mdf@splitbox@two=\box77
\mdf@splitbox@save=\box78
\mdfsplitboxwidth=\skip114
\mdfsplitboxtotalwidth=\skip115
\mdfsplitboxheight=\skip116
\mdfsplitboxdepth=\skip117
\mdfsplitboxtotalheight=\skip118
\mdfframetitleboxwidth=\skip119
\mdfframetitleboxtotalwidth=\skip120
\mdfframetitleboxheight=\skip121
\mdfframetitleboxdepth=\skip122
\mdfframetitleboxtotalheight=\skip123
\mdffootnoteboxwidth=\skip124
\mdffootnoteboxtotalwidth=\skip125
\mdffootnoteboxheight=\skip126
\mdffootnoteboxdepth=\skip127
\mdffootnoteboxtotalheight=\skip128
\mdftotallinewidth=\skip129
\mdfboundingboxwidth=\skip130
\mdfboundingboxtotalwidth=\skip131
\mdfboundingboxheight=\skip132
\mdfboundingboxdepth=\skip133
\mdfboundingboxtotalheight=\skip134
\mdf@freevspace@length=\skip135
\mdf@horizontalwidthofbox@length=\skip136
\mdf@verticalmarginwhole@length=\skip137
\mdf@horizontalspaceofbox=\skip138
\mdfsubtitleheight=\skip139
\mdfsubsubtitleheight=\skip140
\c@mdfcountframes=\count335

****** mdframed patching \endmdf@trivlist

****** -- success******

\mdf@envdepth=\count336
\c@mdf@env@i=\count337
\c@mdf@env@ii=\count338
\c@mdf@zref@counter=\count339
Package zref Info: New property: mdf@pagevalue on input line 895.
)
\c@tdcounter=\count340
\c@td-sol=\count341
) (../assets/module_header.tex
\c@ga-poly-counter=\count342
\c@ga-subpart=\count343
)
(C:/Users/ileje/AppData/Local/Programs/my_latex\tex/latex/geometry\geometry.sty
Package: geometry 2020/01/02 v5.9 Page Geometry
(C:/Users/ileje/AppData/Local/Programs/my_latex\tex/generic/iftex\ifvtex.sty
Package: ifvtex 2019/10/25 v1.7 ifvtex legacy package. Use iftex instead.
)
\Gm@cnth=\count344
\Gm@cntv=\count345
\c@Gm@tempcnt=\count346
\Gm@bindingoffset=\dimen300
\Gm@wd@mp=\dimen301
\Gm@odd@mp=\dimen302
\Gm@even@mp=\dimen303
\Gm@layoutwidth=\dimen304
\Gm@layoutheight=\dimen305
\Gm@layouthoffset=\dimen306
\Gm@layoutvoffset=\dimen307
\Gm@dimlist=\toks55

(C:/Users/ileje/AppData/Local/Programs/my_latex\tex/latex/geometry\geometry.cfg
))
LaTeX Font Info:    Trying to load font information for T1+lmr on input line 15
.
 (C:/Users/ileje/AppData/Local/Programs/my_latex\tex/latex/lm\t1lmr.fd
File: t1lmr.fd 2015/05/01 v1.6.1 Font defs for Latin Modern
)
(C:\Users\ileje\00_File_System\2024_2025\L3_Maths\src\HAX501X_Groupes-et-Anneau
x-I\tds\build\td_main.aux)
\openout1 = `td_main.aux'.

LaTeX Font Info:    Checking defaults for OML/cmm/m/it on input line 15.
LaTeX Font Info:    ... okay on input line 15.
LaTeX Font Info:    Checking defaults for OMS/cmsy/m/n on input line 15.
LaTeX Font Info:    ... okay on input line 15.
LaTeX Font Info:    Checking defaults for OT1/cmr/m/n on input line 15.
LaTeX Font Info:    ... okay on input line 15.
LaTeX Font Info:    Checking defaults for T1/cmr/m/n on input line 15.
LaTeX Font Info:    ... okay on input line 15.
LaTeX Font Info:    Checking defaults for TS1/cmr/m/n on input line 15.
LaTeX Font Info:    ... okay on input line 15.
LaTeX Font Info:    Checking defaults for OMX/cmex/m/n on input line 15.
LaTeX Font Info:    ... okay on input line 15.
LaTeX Font Info:    Checking defaults for U/cmr/m/n on input line 15.
LaTeX Font Info:    ... okay on input line 15.
LaTeX Font Info:    Checking defaults for PD1/pdf/m/n on input line 15.
LaTeX Font Info:    ... okay on input line 15.
LaTeX Font Info:    Checking defaults for PU/pdf/m/n on input line 15.
LaTeX Font Info:    ... okay on input line 15.
LaTeX Info: Redefining \degres on input line 15.
Package french.ldf Info: Setting StandardItemizeEnv=true for
(french.ldf)             compatibility with enumitem package,
(french.ldf)             reported on input line 15.
Package french.ldf Info: Setting StandardEnumerateEnv=true for
(french.ldf)             compatibility with enumitem package,
(french.ldf)             reported on input line 15.
LaTeX Info: Redefining \up on input line 15.
Package hyperref Info: Link coloring OFF on input line 15.

(C:\Users\ileje\00_File_System\2024_2025\L3_Maths\src\HAX501X_Groupes-et-Anneau
x-I\tds\build\td_main.out)
(C:\Users\ileje\00_File_System\2024_2025\L3_Maths\src\HAX501X_Groupes-et-Anneau
x-I\tds\build\td_main.out)
\@outlinefile=\write4
\openout4 = `td_main.out'.


Package pgfplots notification 'compat/show suggested version=true': document ha
s been generated with the most recent feature set (\pgfplotsset{compat=1.18}).

*geometry* driver: auto-detecting
*geometry* detected driver: dvips
*geometry* verbose mode - [ preamble ] result:
* driver: dvips
* paper: a4paper
* layout: <same size as paper>
* layoutoffset:(h,v)=(0.0pt,0.0pt)
* modes: 
* h-part:(L,W,R)=(85.35826pt, 426.79135pt, 85.35826pt)
* v-part:(T,H,B)=(85.35826pt, 674.33032pt, 85.35826pt)
* \paperwidth=597.50787pt
* \paperheight=845.04684pt
* \textwidth=426.79135pt
* \textheight=674.33032pt
* \oddsidemargin=13.08827pt
* \evensidemargin=13.08827pt
* \topmargin=-23.91173pt
* \headheight=12.0pt
* \headsep=25.0pt
* \topskip=10.0pt
* \footskip=30.0pt
* \marginparwidth=57.0pt
* \marginparsep=11.0pt
* \columnsep=10.0pt
* \skip\footins=9.0pt plus 4.0pt minus 2.0pt
* \hoffset=0.0pt
* \voffset=0.0pt
* \mag=1000
* \@twocolumnfalse
* \@twosidefalse
* \@mparswitchfalse
* \@reversemarginfalse
* (1in=72.27pt=25.4mm, 1cm=28.453pt)

LaTeX Font Info:    Trying to load font information for T1+lmss on input line 1
7.
(C:/Users/ileje/AppData/Local/Programs/my_latex\tex/latex/lm\t1lmss.fd
File: t1lmss.fd 2015/05/01 v1.6.1 Font defs for Latin Modern
)
LaTeX Font Info:    Trying to load font information for OT1+lmr on input line 1
7.

(C:/Users/ileje/AppData/Local/Programs/my_latex\tex/latex/lm\ot1lmr.fd
File: ot1lmr.fd 2015/05/01 v1.6.1 Font defs for Latin Modern
)
LaTeX Font Info:    Trying to load font information for OML+lmm on input line 1
7.

(C:/Users/ileje/AppData/Local/Programs/my_latex\tex/latex/lm\omllmm.fd
File: omllmm.fd 2015/05/01 v1.6.1 Font defs for Latin Modern
)
LaTeX Font Info:    Trying to load font information for U+stmry on input line 1
7.

(C:/Users/ileje/AppData/Local/Programs/my_latex\tex/latex/stmaryrd\ustmry.fd)
LaTeX Font Info:    Trying to load font information for U+lasy on input line 17
.

(C:/Users/ileje/AppData/Local/Programs/my_latex\tex/latex/base\ulasy.fd
File: ulasy.fd 1998/08/17 v2.2e LaTeX symbol font definitions
)
LaTeX Font Info:    Trying to load font information for U+msa on input line 17.


(C:/Users/ileje/AppData/Local/Programs/my_latex\tex/latex/amsfonts\umsa.fd
File: umsa.fd 2013/01/14 v3.01 AMS symbols A
)
LaTeX Font Info:    Trying to load font information for U+msb on input line 17.


(C:/Users/ileje/AppData/Local/Programs/my_latex\tex/latex/amsfonts\umsb.fd
File: umsb.fd 2013/01/14 v3.01 AMS symbols B
)
LaTeX Font Info:    Trying to load font information for U+rsfs on input line 17
.

(C:/Users/ileje/AppData/Local/Programs/my_latex\tex/latex/jknappen\ursfs.fd
File: ursfs.fd 1998/03/24 rsfs font definition file (jk)
)
(C:\Users\ileje\00_File_System\2024_2025\L3_Maths\src\HAX501X_Groupes-et-Anneau
x-I\tds\build\td_main.toc)
\tf@toc=\write5
\openout5 = `td_main.toc'.

 (../tds/td_1.tex
Package mdframed Info: mdframed detected package amsthm 
 changed the theorem header of amsthm
(mdframed)              on input line 5.
Package mdframed Info: mdframed detected package amsthm 
 changed the theorem header of amsthm
(mdframed)              on input line 7.
Package mdframed Info: mdframed inside a box 
 mdframed uses option nobreak mdframed on input line 10.
Package mdframed Info: mdframed detected package amsthm 
 changed the theorem header of amsthm
(mdframed)              on input line 27.
LaTeX Font Info:    Trying to load font information for TS1+lmr on input line 2
7.

(C:/Users/ileje/AppData/Local/Programs/my_latex\tex/latex/lm\ts1lmr.fd
File: ts1lmr.fd 2015/05/01 v1.6.1 Font defs for Latin Modern
)
Package mdframed Info: mdframed inside a box 
 mdframed uses option nobreak mdframed on input line 27.
Package mdframed Info: mdframed detected package amsthm 
 changed the theorem header of amsthm
(mdframed)              on input line 30.
Package mdframed Info: mdframed inside a box 
 mdframed uses option nobreak mdframed on input line 33.
Package mdframed Info: mdframed detected package amsthm 
 changed the theorem header of amsthm
(mdframed)              on input line 40.
Package mdframed Info: mdframed inside a box 
 mdframed uses option nobreak mdframed on input line 40.
Package mdframed Info: mdframed detected package amsthm 
 changed the theorem header of amsthm
(mdframed)              on input line 43.
Package mdframed Info: mdframed inside a box 
 mdframed uses option nobreak mdframed on input line 46.
Package mdframed Info: mdframed detected package amsthm 
 changed the theorem header of amsthm
(mdframed)              on input line 73.
Package mdframed Info: mdframed inside a box 
 mdframed uses option nobreak mdframed on input line 73.
Package mdframed Info: mdframed detected package amsthm 
 changed the theorem header of amsthm
(mdframed)              on input line 76.
Package mdframed Info: mdframed inside a box 
 mdframed uses option nobreak mdframed on input line 82.
Package mdframed Info: mdframed detected package amsthm 
 changed the theorem header of amsthm
(mdframed)              on input line 104.
Package mdframed Info: mdframed inside a box 
 mdframed uses option nobreak mdframed on input line 104.
Package mdframed Info: mdframed detected package amsthm 
 changed the theorem header of amsthm
(mdframed)              on input line 107.
Package mdframed Info: mdframed inside a box 
 mdframed uses option nobreak mdframed on input line 110.
Package mdframed Info: mdframed detected package amsthm 
 changed the theorem header of amsthm
(mdframed)              on input line 119.
Package mdframed Info: mdframed inside a box 
 mdframed uses option nobreak mdframed on input line 119.
Package mdframed Info: mdframed detected package amsthm 
 changed the theorem header of amsthm
(mdframed)              on input line 122.
Package mdframed Info: mdframed inside a box 
 mdframed uses option nobreak mdframed on input line 128.
Package mdframed Info: mdframed detected package amsthm 
 changed the theorem header of amsthm
(mdframed)              on input line 149.
Package mdframed Info: mdframed inside a box 
 mdframed uses option nobreak mdframed on input line 149.
Package mdframed Info: mdframed detected package amsthm 
 changed the theorem header of amsthm
(mdframed)              on input line 152.
Package mdframed Info: mdframed inside a box 
 mdframed uses option nobreak mdframed on input line 155.
Package mdframed Info: mdframed detected package amsthm 
 changed the theorem header of amsthm
(mdframed)              on input line 166.
Package mdframed Info: mdframed inside a box 
 mdframed uses option nobreak mdframed on input line 166.
Package mdframed Info: mdframed detected package amsthm 
 changed the theorem header of amsthm
(mdframed)              on input line 169.
Package mdframed Info: mdframed inside a box 
 mdframed uses option nobreak mdframed on input line 172.
Package mdframed Info: mdframed detected package amsthm 
 changed the theorem header of amsthm
(mdframed)              on input line 181.
Package mdframed Info: mdframed inside a box 
 mdframed uses option nobreak mdframed on input line 181.
Package mdframed Info: mdframed detected package amsthm 
 changed the theorem header of amsthm
(mdframed)              on input line 184.
Package mdframed Info: mdframed inside a box 
 mdframed uses option nobreak mdframed on input line 190.
Package mdframed Info: mdframed detected package amsthm 
 changed the theorem header of amsthm
(mdframed)              on input line 205.
Package mdframed Info: mdframed inside a box 
 mdframed uses option nobreak mdframed on input line 205.
Package mdframed Info: mdframed detected package amsthm 
 changed the theorem header of amsthm
(mdframed)              on input line 208.
Package mdframed Info: mdframed inside a box 
 mdframed uses option nobreak mdframed on input line 212.
Package mdframed Info: mdframed detected package amsthm 
 changed the theorem header of amsthm
(mdframed)              on input line 238.
Package mdframed Info: mdframed inside a box 
 mdframed uses option nobreak mdframed on input line 238.
Package mdframed Info: mdframed detected package amsthm 
 changed the theorem header of amsthm
(mdframed)              on input line 241.
Package mdframed Info: mdframed inside a box 
 mdframed uses option nobreak mdframed on input line 245.
Package mdframed Info: mdframed detected package amsthm 
 changed the theorem header of amsthm
(mdframed)              on input line 247.
Package mdframed Info: mdframed inside a box 
 mdframed uses option nobreak mdframed on input line 251.

[1

] [2]
Package mdframed Info: mdframed detected package amsthm 
 changed the theorem header of amsthm
(mdframed)              on input line 256.
Package mdframed Info: mdframed detected package amsthm 
 changed the theorem header of amsthm
(mdframed)              on input line 286.
Package mdframed Info: mdframed detected package amsthm 
 changed the theorem header of amsthm
(mdframed)              on input line 288.
Package mdframed Info: mdframed detected package amsthm 
 changed the theorem header of amsthm
(mdframed)              on input line 296.
 [3]
Package mdframed Info: mdframed detected package amsthm 
 changed the theorem header of amsthm
(mdframed)              on input line 309.
Package mdframed Info: mdframed detected package amsthm 
 changed the theorem header of amsthm
(mdframed)              on input line 314.
Package mdframed Info: mdframed detected package amsthm 
 changed the theorem header of amsthm
(mdframed)              on input line 319.
Package mdframed Info: mdframed detected package amsthm 
 changed the theorem header of amsthm
(mdframed)              on input line 324.
Package mdframed Info: mdframed detected package amsthm 
 changed the theorem header of amsthm
(mdframed)              on input line 335.

Underfull \hbox (badness 10000) in paragraph at lines 336--340

 []

(../assets/tikz/td1_exo9_cercle.tex)
Package mdframed Info: mdframed detected package amsthm 
 changed the theorem header of amsthm
(mdframed)              on input line 354.
Package mdframed Info: mdframed detected package amsthm 
 changed the theorem header of amsthm
(mdframed)              on input line 360.
Package mdframed Info: mdframed detected package amsthm 
 changed the theorem header of amsthm
(mdframed)              on input line 380.
Package mdframed Info: mdframed inside a box 
 mdframed uses option nobreak mdframed on input line 397.
Package mdframed Info: mdframed detected package amsthm 
 changed the theorem header of amsthm
(mdframed)              on input line 399.
Package mdframed Info: mdframed inside a box 
 mdframed uses option nobreak mdframed on input line 403.
Package mdframed Info: mdframed detected package amsthm 
 changed the theorem header of amsthm
(mdframed)              on input line 405.
Package mdframed Info: mdframed inside a box 
 mdframed uses option nobreak mdframed on input line 422.
 [4]) [5] (../tds/td_2.tex

Package hyperref Warning: Token not allowed in a PDF string (Unicode):
(hyperref)                removing `math shift' on input line 2.

Package mdframed Info: mdframed detected package amsthm 
 changed the theorem header of amsthm
(mdframed)              on input line 4.
Package mdframed Info: mdframed detected package amsthm 
 changed the theorem header of amsthm
(mdframed)              on input line 31.
Package mdframed Info: mdframed detected package amsthm 
 changed the theorem header of amsthm
(mdframed)              on input line 33.
Package mdframed Info: mdframed detected package amsthm 
 changed the theorem header of amsthm
(mdframed)              on input line 73.
Package mdframed Info: mdframed detected package amsthm 
 changed the theorem header of amsthm
(mdframed)              on input line 75.
[6]
Package mdframed Info: Not enough space on this page on input line 78.
Package mdframed Info: mdframed detected package amsthm 
 changed the theorem header of amsthm
(mdframed)              on input line 111.
Package mdframed Info: mdframed detected package amsthm 
 changed the theorem header of amsthm
(mdframed)              on input line 113.
Package mdframed Info: mdframed detected package amsthm 
 changed the theorem header of amsthm
(mdframed)              on input line 149.
Package mdframed Info: mdframed detected package amsthm 
 changed the theorem header of amsthm
(mdframed)              on input line 151.
Package mdframed Info: Box was splittet wrong
 starting loop to iterate the splitting point
(mdframed)              on input line 172.
 [7]
Package mdframed Info: mdframed detected package amsthm 
 changed the theorem header of amsthm
(mdframed)              on input line 249.
Package mdframed Info: mdframed detected package amsthm 
 changed the theorem header of amsthm
(mdframed)              on input line 251.
Package mdframed Info: Not enough space on this page on input line 263.
 [8]
Package mdframed Info: Not enough space on this page on input line 263.
Package mdframed Info: mdframed detected package amsthm 
 changed the theorem header of amsthm
(mdframed)              on input line 330.
Package mdframed Info: mdframed detected package amsthm 
 changed the theorem header of amsthm
(mdframed)              on input line 334.
Package mdframed Info: mdframed detected package amsthm 
 changed the theorem header of amsthm
(mdframed)              on input line 341.
 [9]) [10] (../tds/td_3.tex
Package mdframed Info: mdframed detected package amsthm 
 changed the theorem header of amsthm
(mdframed)              on input line 4.
LaTeX Font Info:    Trying to load font information for U+euf on input line 17.


(C:/Users/ileje/AppData/Local/Programs/my_latex\tex/latex/amsfonts\ueuf.fd
File: ueuf.fd 2013/01/14 v3.01 Euler Fraktur
)
LaTeX Font Info:    Freeze math alphabet allocation in version normal.
(Font)              Allocated math groups: 14 (local: 2) on input line 18.
LaTeX Font Info:    Trying to load font information for OT1+lmss on input line 
18.

(C:/Users/ileje/AppData/Local/Programs/my_latex\tex/latex/lm\ot1lmss.fd
File: ot1lmss.fd 2015/05/01 v1.6.1 Font defs for Latin Modern
)
LaTeX Font Info:    Undo math alphabet allocation in version normal on input li
ne 18.
Package mdframed Info: mdframed detected package amsthm 
 changed the theorem header of amsthm
(mdframed)              on input line 47.
LaTeX Font Info:    No math alphabet change to frozen version normal on input l
ine 47.
LaTeX Font Info:    No math alphabet change to frozen version normal on input l
ine 47.
LaTeX Font Info:    No math alphabet change to frozen version normal on input l
ine 47.
LaTeX Font Info:    No math alphabet change to frozen version normal on input l
ine 47.
LaTeX Font Info:    No math alphabet change to frozen version normal on input l
ine 47.
LaTeX Font Info:    No math alphabet change to frozen version normal on input l
ine 47.
LaTeX Font Info:    No math alphabet change to frozen version normal on input l
ine 47.
LaTeX Font Info:    No math alphabet change to frozen version normal on input l
ine 47.
LaTeX Font Info:    No math alphabet change to frozen version normal on input l
ine 47.
LaTeX Font Info:    No math alphabet change to frozen version normal on input l
ine 47.
LaTeX Font Info:    No math alphabet change to frozen version normal on input l
ine 47.
LaTeX Font Info:    No math alphabet change to frozen version normal on input l
ine 47.
LaTeX Font Info:    No math alphabet change to frozen version normal on input l
ine 47.
LaTeX Font Info:    No math alphabet change to frozen version normal on input l
ine 47.
LaTeX Font Info:    No math alphabet change to frozen version normal on input l
ine 47.
LaTeX Font Info:    Undo math alphabet allocation in version normal on input li
ne 47.
Package mdframed Info: mdframed detected package amsthm 
 changed the theorem header of amsthm
(mdframed)              on input line 49.
LaTeX Font Info:    No math alphabet change to frozen version normal on input l
ine 50.
LaTeX Font Info:    No math alphabet change to frozen version normal on input l
ine 50.
LaTeX Font Info:    No math alphabet change to frozen version normal on input l
ine 50.
LaTeX Font Info:    No math alphabet change to frozen version normal on input l
ine 51.
Package mdframed Info: mdframed detected package amsthm 
 changed the theorem header of amsthm
(mdframed)              on input line 70.
LaTeX Font Info:    No math alphabet change to frozen version normal on input l
ine 70.
LaTeX Font Info:    No math alphabet change to frozen version normal on input l
ine 70.
LaTeX Font Info:    No math alphabet change to frozen version normal on input l
ine 70.
LaTeX Font Info:    No math alphabet change to frozen version normal on input l
ine 70.
LaTeX Font Info:    No math alphabet change to frozen version normal on input l
ine 70.
LaTeX Font Info:    No math alphabet change to frozen version normal on input l
ine 70.
LaTeX Font Info:    No math alphabet change to frozen version normal on input l
ine 70.
LaTeX Font Info:    No math alphabet change to frozen version normal on input l
ine 70.
LaTeX Font Info:    No math alphabet change to frozen version normal on input l
ine 70.
LaTeX Font Info:    No math alphabet change to frozen version normal on input l
ine 70.
LaTeX Font Info:    No math alphabet change to frozen version normal on input l
ine 70.
LaTeX Font Info:    No math alphabet change to frozen version normal on input l
ine 70.
LaTeX Font Info:    No math alphabet change to frozen version normal on input l
ine 70.
LaTeX Font Info:    No math alphabet change to frozen version normal on input l
ine 70.
LaTeX Font Info:    No math alphabet change to frozen version normal on input l
ine 70.
LaTeX Font Info:    No math alphabet change to frozen version normal on input l
ine 70.
LaTeX Font Info:    No math alphabet change to frozen version normal on input l
ine 70.
Package mdframed Info: mdframed detected package amsthm 
 changed the theorem header of amsthm
(mdframed)              on input line 72.
LaTeX Font Info:    No math alphabet change to frozen version normal on input l
ine 74.
Package mdframed Info: mdframed detected package amsthm 
 changed the theorem header of amsthm
(mdframed)              on input line 151.
LaTeX Font Info:    No math alphabet change to frozen version normal on input l
ine 151.
LaTeX Font Info:    No math alphabet change to frozen version normal on input l
ine 151.
LaTeX Font Info:    No math alphabet change to frozen version normal on input l
ine 151.
LaTeX Font Info:    No math alphabet change to frozen version normal on input l
ine 151.
LaTeX Font Info:    No math alphabet change to frozen version normal on input l
ine 151.
LaTeX Font Info:    No math alphabet change to frozen version normal on input l
ine 151.
LaTeX Font Info:    No math alphabet change to frozen version normal on input l
ine 151.
LaTeX Font Info:    No math alphabet change to frozen version normal on input l
ine 151.
LaTeX Font Info:    No math alphabet change to frozen version normal on input l
ine 151.
LaTeX Font Info:    No math alphabet change to frozen version normal on input l
ine 151.
LaTeX Font Info:    No math alphabet change to frozen version normal on input l
ine 151.
LaTeX Font Info:    No math alphabet change to frozen version normal on input l
ine 151.
LaTeX Font Info:    No math alphabet change to frozen version normal on input l
ine 151.
LaTeX Font Info:    No math alphabet change to frozen version normal on input l
ine 151.
LaTeX Font Info:    No math alphabet change to frozen version normal on input l
ine 151.
LaTeX Font Info:    No math alphabet change to frozen version normal on input l
ine 151.
LaTeX Font Info:    No math alphabet change to frozen version normal on input l
ine 151.
LaTeX Font Info:    No math alphabet change to frozen version normal on input l
ine 151.
LaTeX Font Info:    No math alphabet change to frozen version normal on input l
ine 151.
LaTeX Font Info:    No math alphabet change to frozen version normal on input l
ine 151.
LaTeX Font Info:    No math alphabet change to frozen version normal on input l
ine 151.
LaTeX Font Info:    No math alphabet change to frozen version normal on input l
ine 151.
LaTeX Font Info:    No math alphabet change to frozen version normal on input l
ine 151.
LaTeX Font Info:    No math alphabet change to frozen version normal on input l
ine 151.
LaTeX Font Info:    No math alphabet change to frozen version normal on input l
ine 151.
LaTeX Font Info:    No math alphabet change to frozen version normal on input l
ine 151.
LaTeX Font Info:    No math alphabet change to frozen version normal on input l
ine 151.
LaTeX Font Info:    No math alphabet change to frozen version normal on input l
ine 151.
LaTeX Font Info:    No math alphabet change to frozen version normal on input l
ine 151.
LaTeX Font Info:    No math alphabet change to frozen version normal on input l
ine 151.
LaTeX Font Info:    No math alphabet change to frozen version normal on input l
ine 151.
LaTeX Font Info:    No math alphabet change to frozen version normal on input l
ine 151.
LaTeX Font Info:    No math alphabet change to frozen version normal on input l
ine 151.
LaTeX Font Info:    No math alphabet change to frozen version normal on input l
ine 151.
LaTeX Font Info:    No math alphabet change to frozen version normal on input l
ine 151.
LaTeX Font Info:    No math alphabet change to frozen version normal on input l
ine 151.
LaTeX Font Info:    No math alphabet change to frozen version normal on input l
ine 151.
LaTeX Font Info:    No math alphabet change to frozen version normal on input l
ine 151.
LaTeX Font Info:    No math alphabet change to frozen version normal on input l
ine 151.
LaTeX Font Info:    No math alphabet change to frozen version normal on input l
ine 151.
LaTeX Font Info:    No math alphabet change to frozen version normal on input l
ine 151.
LaTeX Font Info:    No math alphabet change to frozen version normal on input l
ine 151.
LaTeX Font Info:    No math alphabet change to frozen version normal on input l
ine 151.
LaTeX Font Info:    No math alphabet change to frozen version normal on input l
ine 151.
LaTeX Font Info:    No math alphabet change to frozen version normal on input l
ine 151.
LaTeX Font Info:    No math alphabet change to frozen version normal on input l
ine 151.
LaTeX Font Info:    No math alphabet change to frozen version normal on input l
ine 151.
LaTeX Font Info:    No math alphabet change to frozen version normal on input l
ine 151.
LaTeX Font Info:    No math alphabet change to frozen version normal on input l
ine 151.
LaTeX Font Info:    No math alphabet change to frozen version normal on input l
ine 151.
LaTeX Font Info:    No math alphabet change to frozen version normal on input l
ine 151.
LaTeX Font Info:    No math alphabet change to frozen version normal on input l
ine 151.
LaTeX Font Info:    No math alphabet change to frozen version normal on input l
ine 151.
LaTeX Font Info:    No math alphabet change to frozen version normal on input l
ine 151.
LaTeX Font Info:    No math alphabet change to frozen version normal on input l
ine 151.
LaTeX Font Info:    No math alphabet change to frozen version normal on input l
ine 151.
LaTeX Font Info:    No math alphabet change to frozen version normal on input l
ine 151.
LaTeX Font Info:    No math alphabet change to frozen version normal on input l
ine 151.
LaTeX Font Info:    No math alphabet change to frozen version normal on input l
ine 151.
LaTeX Font Info:    No math alphabet change to frozen version normal on input l
ine 151.
LaTeX Font Info:    No math alphabet change to frozen version normal on input l
ine 151.
LaTeX Font Info:    No math alphabet change to frozen version normal on input l
ine 151.
LaTeX Font Info:    No math alphabet change to frozen version normal on input l
ine 151.
LaTeX Font Info:    No math alphabet change to frozen version normal on input l
ine 151.
LaTeX Font Info:    No math alphabet change to frozen version normal on input l
ine 151.
LaTeX Font Info:    No math alphabet change to frozen version normal on input l
ine 151.
LaTeX Font Info:    No math alphabet change to frozen version normal on input l
ine 151.
LaTeX Font Info:    No math alphabet change to frozen version normal on input l
ine 151.
LaTeX Font Info:    No math alphabet change to frozen version normal on input l
ine 151.
LaTeX Font Info:    No math alphabet change to frozen version normal on input l
ine 151.
LaTeX Font Info:    No math alphabet change to frozen version normal on input l
ine 151.
LaTeX Font Info:    No math alphabet change to frozen version normal on input l
ine 151.
LaTeX Font Info:    No math alphabet change to frozen version normal on input l
ine 151.
LaTeX Font Info:    No math alphabet change to frozen version normal on input l
ine 151.
LaTeX Font Info:    No math alphabet change to frozen version normal on input l
ine 151.
LaTeX Font Info:    No math alphabet change to frozen version normal on input l
ine 151.
LaTeX Font Info:    No math alphabet change to frozen version normal on input l
ine 151.
LaTeX Font Info:    No math alphabet change to frozen version normal on input l
ine 151.
LaTeX Font Info:    No math alphabet change to frozen version normal on input l
ine 151.
LaTeX Font Info:    No math alphabet change to frozen version normal on input l
ine 151.
LaTeX Font Info:    No math alphabet change to frozen version normal on input l
ine 151.
LaTeX Font Info:    No math alphabet change to frozen version normal on input l
ine 151.
LaTeX Font Info:    No math alphabet change to frozen version normal on input l
ine 151.
LaTeX Font Info:    No math alphabet change to frozen version normal on input l
ine 151.
LaTeX Font Info:    No math alphabet change to frozen version normal on input l
ine 151.
LaTeX Font Info:    No math alphabet change to frozen version normal on input l
ine 151.
LaTeX Font Info:    No math alphabet change to frozen version normal on input l
ine 151.
LaTeX Font Info:    No math alphabet change to frozen version normal on input l
ine 151.
LaTeX Font Info:    No math alphabet change to frozen version normal on input l
ine 151.
LaTeX Font Info:    No math alphabet change to frozen version normal on input l
ine 151.
LaTeX Font Info:    No math alphabet change to frozen version normal on input l
ine 151.
LaTeX Font Info:    No math alphabet change to frozen version normal on input l
ine 151.
LaTeX Font Info:    No math alphabet change to frozen version normal on input l
ine 151.
LaTeX Font Info:    No math alphabet change to frozen version normal on input l
ine 151.
LaTeX Font Info:    No math alphabet change to frozen version normal on input l
ine 151.
LaTeX Font Info:    No math alphabet change to frozen version normal on input l
ine 151.
LaTeX Font Info:    No math alphabet change to frozen version normal on input l
ine 151.
LaTeX Font Info:    No math alphabet change to frozen version normal on input l
ine 151.
LaTeX Font Info:    No math alphabet change to frozen version normal on input l
ine 151.
LaTeX Font Info:    No math alphabet change to frozen version normal on input l
ine 151.
LaTeX Font Info:    No math alphabet change to frozen version normal on input l
ine 151.
LaTeX Font Info:    No math alphabet change to frozen version normal on input l
ine 151.
LaTeX Font Info:    No math alphabet change to frozen version normal on input l
ine 151.
LaTeX Font Info:    No math alphabet change to frozen version normal on input l
ine 151.
LaTeX Font Info:    No math alphabet change to frozen version normal on input l
ine 151.
LaTeX Font Info:    No math alphabet change to frozen version normal on input l
ine 151.
LaTeX Font Info:    No math alphabet change to frozen version normal on input l
ine 151.
LaTeX Font Info:    No math alphabet change to frozen version normal on input l
ine 151.
LaTeX Font Info:    No math alphabet change to frozen version normal on input l
ine 151.
LaTeX Font Info:    No math alphabet change to frozen version normal on input l
ine 151.
LaTeX Font Info:    No math alphabet change to frozen version normal on input l
ine 151.
LaTeX Font Info:    No math alphabet change to frozen version normal on input l
ine 151.
LaTeX Font Info:    No math alphabet change to frozen version normal on input l
ine 151.
LaTeX Font Info:    No math alphabet change to frozen version normal on input l
ine 151.
LaTeX Font Info:    No math alphabet change to frozen version normal on input l
ine 151.
LaTeX Font Info:    No math alphabet change to frozen version normal on input l
ine 151.
LaTeX Font Info:    No math alphabet change to frozen version normal on input l
ine 151.
LaTeX Font Info:    No math alphabet change to frozen version normal on input l
ine 151.
LaTeX Font Info:    No math alphabet change to frozen version normal on input l
ine 151.
LaTeX Font Info:    No math alphabet change to frozen version normal on input l
ine 151.
LaTeX Font Info:    No math alphabet change to frozen version normal on input l
ine 151.
LaTeX Font Info:    No math alphabet change to frozen version normal on input l
ine 151.
LaTeX Font Info:    No math alphabet change to frozen version normal on input l
ine 151.
LaTeX Font Info:    No math alphabet change to frozen version normal on input l
ine 151.

[11]
Package mdframed Info: Not enough space on this page on input line 151.
Package mdframed Info: mdframed detected package amsthm 
 changed the theorem header of amsthm
(mdframed)              on input line 153.
LaTeX Font Info:    No math alphabet change to frozen version normal on input l
ine 154.
Package mdframed Info: mdframed detected package amsthm 
 changed the theorem header of amsthm
(mdframed)              on input line 183.
LaTeX Font Info:    No math alphabet change to frozen version normal on input l
ine 183.
LaTeX Font Info:    No math alphabet change to frozen version normal on input l
ine 183.
LaTeX Font Info:    No math alphabet change to frozen version normal on input l
ine 183.
LaTeX Font Info:    No math alphabet change to frozen version normal on input l
ine 183.
LaTeX Font Info:    No math alphabet change to frozen version normal on input l
ine 183.
LaTeX Font Info:    No math alphabet change to frozen version normal on input l
ine 183.
LaTeX Font Info:    No math alphabet change to frozen version normal on input l
ine 183.
LaTeX Font Info:    No math alphabet change to frozen version normal on input l
ine 183.
LaTeX Font Info:    No math alphabet change to frozen version normal on input l
ine 183.
LaTeX Font Info:    No math alphabet change to frozen version normal on input l
ine 183.
Package mdframed Info: mdframed detected package amsthm 
 changed the theorem header of amsthm
(mdframed)              on input line 185.
LaTeX Font Info:    No math alphabet change to frozen version normal on input l
ine 187.
LaTeX Font Info:    No math alphabet change to frozen version normal on input l
ine 192.
LaTeX Font Info:    No math alphabet change to frozen version normal on input l
ine 195.
LaTeX Font Info:    No math alphabet change to frozen version normal on input l
ine 198.
LaTeX Font Info:    No math alphabet change to frozen version normal on input l
ine 198.
 [12]
Package mdframed Info: Not enough space on this page on input line 200.
Package mdframed Info: mdframed detected package amsthm 
 changed the theorem header of amsthm
(mdframed)              on input line 264.
LaTeX Font Info:    No math alphabet change to frozen version normal on input l
ine 264.
LaTeX Font Info:    No math alphabet change to frozen version normal on input l
ine 264.
LaTeX Font Info:    No math alphabet change to frozen version normal on input l
ine 264.
LaTeX Font Info:    No math alphabet change to frozen version normal on input l
ine 264.
LaTeX Font Info:    No math alphabet change to frozen version normal on input l
ine 264.
LaTeX Font Info:    No math alphabet change to frozen version normal on input l
ine 264.
LaTeX Font Info:    No math alphabet change to frozen version normal on input l
ine 264.
LaTeX Font Info:    No math alphabet change to frozen version normal on input l
ine 264.
LaTeX Font Info:    No math alphabet change to frozen version normal on input l
ine 264.
LaTeX Font Info:    No math alphabet change to frozen version normal on input l
ine 264.
LaTeX Font Info:    No math alphabet change to frozen version normal on input l
ine 264.
LaTeX Font Info:    No math alphabet change to frozen version normal on input l
ine 264.
LaTeX Font Info:    No math alphabet change to frozen version normal on input l
ine 264.
LaTeX Font Info:    No math alphabet change to frozen version normal on input l
ine 264.
LaTeX Font Info:    No math alphabet change to frozen version normal on input l
ine 264.
LaTeX Font Info:    No math alphabet change to frozen version normal on input l
ine 264.
LaTeX Font Info:    No math alphabet change to frozen version normal on input l
ine 264.
LaTeX Font Info:    No math alphabet change to frozen version normal on input l
ine 264.
LaTeX Font Info:    No math alphabet change to frozen version normal on input l
ine 264.
LaTeX Font Info:    No math alphabet change to frozen version normal on input l
ine 264.
LaTeX Font Info:    No math alphabet change to frozen version normal on input l
ine 264.
LaTeX Font Info:    No math alphabet change to frozen version normal on input l
ine 264.
LaTeX Font Info:    No math alphabet change to frozen version normal on input l
ine 264.
LaTeX Font Info:    No math alphabet change to frozen version normal on input l
ine 264.
LaTeX Font Info:    No math alphabet change to frozen version normal on input l
ine 264.
LaTeX Font Info:    No math alphabet change to frozen version normal on input l
ine 264.
LaTeX Font Info:    No math alphabet change to frozen version normal on input l
ine 264.
LaTeX Font Info:    No math alphabet change to frozen version normal on input l
ine 264.
LaTeX Font Info:    No math alphabet change to frozen version normal on input l
ine 264.
LaTeX Font Info:    No math alphabet change to frozen version normal on input l
ine 264.
LaTeX Font Info:    No math alphabet change to frozen version normal on input l
ine 264.
LaTeX Font Info:    No math alphabet change to frozen version normal on input l
ine 264.
LaTeX Font Info:    No math alphabet change to frozen version normal on input l
ine 264.
LaTeX Font Info:    No math alphabet change to frozen version normal on input l
ine 264.
LaTeX Font Info:    No math alphabet change to frozen version normal on input l
ine 264.
LaTeX Font Info:    No math alphabet change to frozen version normal on input l
ine 264.
LaTeX Font Info:    No math alphabet change to frozen version normal on input l
ine 264.
LaTeX Font Info:    No math alphabet change to frozen version normal on input l
ine 264.
LaTeX Font Info:    No math alphabet change to frozen version normal on input l
ine 264.
LaTeX Font Info:    No math alphabet change to frozen version normal on input l
ine 264.
LaTeX Font Info:    No math alphabet change to frozen version normal on input l
ine 264.
LaTeX Font Info:    No math alphabet change to frozen version normal on input l
ine 264.
LaTeX Font Info:    No math alphabet change to frozen version normal on input l
ine 264.
LaTeX Font Info:    No math alphabet change to frozen version normal on input l
ine 264.
LaTeX Font Info:    No math alphabet change to frozen version normal on input l
ine 264.
LaTeX Font Info:    No math alphabet change to frozen version normal on input l
ine 264.
LaTeX Font Info:    No math alphabet change to frozen version normal on input l
ine 264.
LaTeX Font Info:    No math alphabet change to frozen version normal on input l
ine 264.
LaTeX Font Info:    No math alphabet change to frozen version normal on input l
ine 264.
LaTeX Font Info:    No math alphabet change to frozen version normal on input l
ine 264.
LaTeX Font Info:    No math alphabet change to frozen version normal on input l
ine 264.
 [13]
Package mdframed Info: mdframed detected package amsthm 
 changed the theorem header of amsthm
(mdframed)              on input line 266.
LaTeX Font Info:    No math alphabet change to frozen version normal on input l
ine 268.
LaTeX Font Info:    No math alphabet change to frozen version normal on input l
ine 268.
LaTeX Font Info:    No math alphabet change to frozen version normal on input l
ine 268.
LaTeX Font Info:    No math alphabet change to frozen version normal on input l
ine 269.
LaTeX Font Info:    No math alphabet change to frozen version normal on input l
ine 269.
LaTeX Font Info:    No math alphabet change to frozen version normal on input l
ine 270.
LaTeX Font Info:    No math alphabet change to frozen version normal on input l
ine 270.
LaTeX Font Info:    No math alphabet change to frozen version normal on input l
ine 272.
LaTeX Font Info:    No math alphabet change to frozen version normal on input l
ine 273.
LaTeX Font Info:    No math alphabet change to frozen version normal on input l
ine 273.
LaTeX Font Info:    No math alphabet change to frozen version normal on input l
ine 273.
LaTeX Font Info:    No math alphabet change to frozen version normal on input l
ine 274.
Package mdframed Info: Not enough space on this page on input line 276.
Package mdframed Info: mdframed detected package amsthm 
 changed the theorem header of amsthm
(mdframed)              on input line 278.
LaTeX Font Info:    No math alphabet change to frozen version normal on input l
ine 281.
LaTeX Font Info:    No math alphabet change to frozen version normal on input l
ine 282.
LaTeX Font Info:    No math alphabet change to frozen version normal on input l
ine 283.
LaTeX Font Info:    No math alphabet change to frozen version normal on input l
ine 284.
LaTeX Font Info:    Undo math alphabet allocation in version normal on input li
ne 284.
LaTeX Font Info:    No math alphabet change to frozen version normal on input l
ine 285.
LaTeX Font Info:    No math alphabet change to frozen version normal on input l
ine 286.
LaTeX Font Info:    No math alphabet change to frozen version normal on input l
ine 287.
Package mdframed Info: mdframed detected package amsthm 
 changed the theorem header of amsthm
(mdframed)              on input line 313.
LaTeX Font Info:    No math alphabet change to frozen version normal on input l
ine 313.
LaTeX Font Info:    No math alphabet change to frozen version normal on input l
ine 313.
LaTeX Font Info:    No math alphabet change to frozen version normal on input l
ine 313.
LaTeX Font Info:    No math alphabet change to frozen version normal on input l
ine 313.
LaTeX Font Info:    No math alphabet change to frozen version normal on input l
ine 313.
LaTeX Font Info:    Undo math alphabet allocation in version normal on input li
ne 313.
LaTeX Font Info:    No math alphabet change to frozen version normal on input l
ine 313.
LaTeX Font Info:    No math alphabet change to frozen version normal on input l
ine 313.
LaTeX Font Info:    No math alphabet change to frozen version normal on input l
ine 313.
LaTeX Font Info:    Undo math alphabet allocation in version normal on input li
ne 313.
LaTeX Font Info:    No math alphabet change to frozen version normal on input l
ine 313.
LaTeX Font Info:    No math alphabet change to frozen version normal on input l
ine 313.
LaTeX Font Info:    No math alphabet change to frozen version normal on input l
ine 313.
LaTeX Font Info:    No math alphabet change to frozen version normal on input l
ine 313.
LaTeX Font Info:    No math alphabet change to frozen version normal on input l
ine 313.
LaTeX Font Info:    No math alphabet change to frozen version normal on input l
ine 313.
LaTeX Font Info:    No math alphabet change to frozen version normal on input l
ine 313.
LaTeX Font Info:    No math alphabet change to frozen version normal on input l
ine 313.
LaTeX Font Info:    No math alphabet change to frozen version normal on input l
ine 313.
) [14]
(C:\Users\ileje\00_File_System\2024_2025\L3_Maths\src\HAX501X_Groupes-et-Anneau
x-I\tds\build\td_main.aux)
 ***********
LaTeX2e <2023-06-01> patch level 1
L3 programming layer <2023-08-29>
 ***********
Package rerunfilecheck Info: File `td_main.out' has not changed.
(rerunfilecheck)             Checksum: 329E937101DED2F8E2D6C6928030C4C6;1094.
 ) 
Here is how much of TeX's memory you used:
 38216 strings out of 475249
 858293 string characters out of 5756901
 1985782 words of memory out of 5000000
 59026 multiletter control sequences out of 15000+600000
 660721 words of font info for 141 fonts, out of 8000000 for 9000
 1141 hyphenation exceptions out of 8191
 107i,13n,110p,808b,1035s stack positions out of 10000i,1000n,20000p,200000b,200000s

Output written on C:\Users\ileje\00_File_System\2024_2025\L3_Maths\src\HAX501X_
Groupes-et-Anneaux-I\tds\build\td_main.dvi (14 pages, 127984 bytes).
